<?xml version="1.0" encoding="UTF-8"?>
<coverage generated="1747654357453" clover="3.2.0">
  <project timestamp="1747654357453" name="All files">
    <metrics statements="155" coveredstatements="126" conditionals="53" coveredconditionals="38" methods="28" coveredmethods="21" elements="236" coveredelements="185" complexity="0" loc="155" ncloc="155" packages="1" files="12" classes="12"/>
    <file name="active_users.js" path="C:\Users\lebop\Desktop\Coding Projects\Sports Facility Management App\FacilityManagement\public\js\active_users.js">
      <metrics statements="5" coveredstatements="5" conditionals="0" coveredconditionals="0" methods="1" coveredmethods="1"/>
      <line num="3" count="2" type="stmt"/>
      <line num="6" count="2" type="stmt"/>
      <line num="7" count="1" type="stmt"/>
      <line num="8" count="1" type="stmt"/>
      <line num="10" count="1" type="stmt"/>
    </file>
    <file name="admin.js" path="C:\Users\lebop\Desktop\Coding Projects\Sports Facility Management App\FacilityManagement\public\js\admin.js">
      <metrics statements="10" coveredstatements="0" conditionals="0" coveredconditionals="0" methods="4" coveredmethods="0"/>
      <line num="3" count="0" type="stmt"/>
      <line num="5" count="0" type="stmt"/>
      <line num="7" count="0" type="stmt"/>
      <line num="8" count="0" type="stmt"/>
      <line num="13" count="0" type="stmt"/>
      <line num="14" count="0" type="stmt"/>
      <line num="16" count="0" type="stmt"/>
      <line num="17" count="0" type="stmt"/>
      <line num="19" count="0" type="stmt"/>
      <line num="20" count="0" type="stmt"/>
    </file>
    <file name="approveBooking.js" path="C:\Users\lebop\Desktop\Coding Projects\Sports Facility Management App\FacilityManagement\public\js\approveBooking.js">
      <metrics statements="12" coveredstatements="12" conditionals="7" coveredconditionals="7" methods="1" coveredmethods="1"/>
      <line num="3" count="5" type="stmt"/>
      <line num="5" count="5" type="cond" truecount="5" falsecount="0"/>
      <line num="6" count="2" type="stmt"/>
      <line num="9" count="3" type="stmt"/>
      <line num="12" count="3" type="stmt"/>
      <line num="13" count="2" type="cond" truecount="2" falsecount="0"/>
      <line num="14" count="1" type="stmt"/>
      <line num="18" count="1" type="stmt"/>
      <line num="20" count="1" type="stmt"/>
      <line num="25" count="1" type="stmt"/>
      <line num="26" count="1" type="stmt"/>
      <line num="30" count="1" type="stmt"/>
    </file>
    <file name="issuesBargraph.js" path="C:\Users\lebop\Desktop\Coding Projects\Sports Facility Management App\FacilityManagement\public\js\issuesBargraph.js">
      <metrics statements="17" coveredstatements="17" conditionals="6" coveredconditionals="5" methods="2" coveredmethods="2"/>
      <line num="4" count="2" type="stmt"/>
      <line num="5" count="2" type="stmt"/>
      <line num="6" count="1" type="stmt"/>
      <line num="8" count="1" type="stmt"/>
      <line num="9" count="1" type="stmt"/>
      <line num="10" count="1" type="stmt"/>
      <line num="12" count="1" type="stmt"/>
      <line num="13" count="4" type="stmt"/>
      <line num="14" count="4" type="cond" truecount="1" falsecount="1"/>
      <line num="16" count="4" type="cond" truecount="2" falsecount="0"/>
      <line num="18" count="3" type="stmt"/>
      <line num="20" count="3" type="cond" truecount="2" falsecount="0"/>
      <line num="21" count="2" type="stmt"/>
      <line num="24" count="1" type="stmt"/>
      <line num="28" count="1" type="stmt"/>
      <line num="32" count="1" type="stmt"/>
      <line num="33" count="1" type="stmt"/>
    </file>
    <file name="issuesreport.js" path="C:\Users\lebop\Desktop\Coding Projects\Sports Facility Management App\FacilityManagement\public\js\issuesreport.js">
      <metrics statements="17" coveredstatements="17" conditionals="4" coveredconditionals="4" methods="4" coveredmethods="4"/>
      <line num="1" count="1" type="stmt"/>
      <line num="3" count="3" type="stmt"/>
      <line num="4" count="3" type="stmt"/>
      <line num="6" count="2" type="cond" truecount="2" falsecount="0"/>
      <line num="11" count="2" type="stmt"/>
      <line num="12" count="4" type="stmt"/>
      <line num="13" count="2" type="stmt"/>
      <line num="14" count="2" type="stmt"/>
      <line num="16" count="1" type="stmt"/>
      <line num="17" count="1" type="stmt"/>
      <line num="22" count="3" type="stmt"/>
      <line num="23" count="3" type="stmt"/>
      <line num="24" count="3" type="stmt"/>
      <line num="26" count="3" type="stmt"/>
      <line num="27" count="8" type="stmt"/>
      <line num="28" count="8" type="cond" truecount="2" falsecount="0"/>
      <line num="31" count="3" type="stmt"/>
    </file>
    <file name="linegraph_bookings.js" path="C:\Users\lebop\Desktop\Coding Projects\Sports Facility Management App\FacilityManagement\public\js\linegraph_bookings.js">
      <metrics statements="8" coveredstatements="8" conditionals="4" coveredconditionals="4" methods="2" coveredmethods="2"/>
      <line num="2" count="4" type="stmt"/>
      <line num="3" count="4" type="stmt"/>
      <line num="5" count="3" type="cond" truecount="2" falsecount="0"/>
      <line num="6" count="2" type="stmt"/>
      <line num="7" count="2" type="cond" truecount="2" falsecount="0"/>
      <line num="10" count="1" type="stmt"/>
      <line num="13" count="3" type="stmt"/>
      <line num="17" count="3" type="stmt"/>
    </file>
    <file name="piechart_issues.js" path="C:\Users\lebop\Desktop\Coding Projects\Sports Facility Management App\FacilityManagement\public\js\piechart_issues.js">
      <metrics statements="13" coveredstatements="12" conditionals="10" coveredconditionals="7" methods="1" coveredmethods="1"/>
      <line num="4" count="4" type="stmt"/>
      <line num="5" count="4" type="cond" truecount="2" falsecount="0"/>
      <line num="6" count="1" type="stmt"/>
      <line num="7" count="1" type="stmt"/>
      <line num="9" count="3" type="stmt"/>
      <line num="10" count="3" type="stmt"/>
      <line num="11" count="3" type="stmt"/>
      <line num="17" count="2" type="cond" truecount="1" falsecount="1"/>
      <line num="18" count="0" type="stmt"/>
      <line num="21" count="2" type="stmt"/>
      <line num="24" count="2" type="stmt"/>
      <line num="29" count="1" type="stmt"/>
      <line num="30" count="1" type="stmt"/>
    </file>
    <file name="register.js" path="C:\Users\lebop\Desktop\Coding Projects\Sports Facility Management App\FacilityManagement\public\js\register.js">
      <metrics statements="1" coveredstatements="0" conditionals="0" coveredconditionals="0" methods="0" coveredmethods="0"/>
      <line num="4" count="0" type="stmt"/>
    </file>
    <file name="signInCore.js" path="C:\Users\lebop\Desktop\Coding Projects\Sports Facility Management App\FacilityManagement\public\js\signInCore.js">
      <metrics statements="22" coveredstatements="18" conditionals="12" coveredconditionals="6" methods="2" coveredmethods="2"/>
      <line num="3" count="3" type="stmt"/>
      <line num="4" count="3" type="cond" truecount="2" falsecount="0"/>
      <line num="5" count="3" type="stmt"/>
      <line num="7" count="3" type="stmt"/>
      <line num="8" count="3" type="cond" truecount="1" falsecount="1"/>
      <line num="9" count="0" type="stmt"/>
      <line num="10" count="0" type="stmt"/>
      <line num="13" count="3" type="stmt"/>
      <line num="15" count="3" type="stmt"/>
      <line num="24" count="3" type="stmt"/>
      <line num="25" count="3" type="stmt"/>
      <line num="29" count="3" type="stmt"/>
      <line num="30" count="3" type="stmt"/>
      <line num="36" count="2" type="stmt"/>
      <line num="37" count="2" type="cond" truecount="1" falsecount="1"/>
      <line num="38" count="0" type="cond" truecount="0" falsecount="2"/>
      <line num="39" count="0" type="stmt"/>
      <line num="42" count="2" type="cond" truecount="1" falsecount="1"/>
      <line num="43" count="2" type="cond" truecount="1" falsecount="1"/>
      <line num="45" count="2" type="stmt"/>
      <line num="47" count="1" type="stmt"/>
      <line num="48" count="1" type="stmt"/>
    </file>
    <file name="tot_users.js" path="C:\Users\lebop\Desktop\Coding Projects\Sports Facility Management App\FacilityManagement\public\js\tot_users.js">
      <metrics statements="9" coveredstatements="9" conditionals="2" coveredconditionals="2" methods="1" coveredmethods="1"/>
      <line num="3" count="1" type="stmt"/>
      <line num="5" count="3" type="stmt"/>
      <line num="6" count="3" type="stmt"/>
      <line num="8" count="2" type="cond" truecount="2" falsecount="0"/>
      <line num="10" count="1" type="stmt"/>
      <line num="13" count="2" type="stmt"/>
      <line num="14" count="1" type="stmt"/>
      <line num="16" count="2" type="stmt"/>
      <line num="17" count="2" type="stmt"/>
    </file>
    <file name="viewCalendar.js" path="C:\Users\lebop\Desktop\Coding Projects\Sports Facility Management App\FacilityManagement\public\js\viewCalendar.js">
      <metrics statements="23" coveredstatements="11" conditionals="4" coveredconditionals="1" methods="7" coveredmethods="4"/>
      <line num="3" count="2" type="stmt"/>
      <line num="15" count="2" type="stmt"/>
      <line num="16" count="2" type="stmt"/>
      <line num="17" count="1" type="cond" truecount="1" falsecount="1"/>
      <line num="18" count="0" type="stmt"/>
      <line num="21" count="1" type="stmt"/>
      <line num="22" count="2" type="stmt"/>
      <line num="23" count="1" type="stmt"/>
      <line num="24" count="1" type="stmt"/>
      <line num="26" count="1" type="stmt"/>
      <line num="27" count="1" type="stmt"/>
      <line num="33" count="0" type="stmt"/>
      <line num="49" count="0" type="stmt"/>
      <line num="50" count="0" type="stmt"/>
      <line num="51" count="0" type="stmt"/>
      <line num="52" count="0" type="stmt"/>
      <line num="53" count="0" type="stmt"/>
      <line num="54" count="0" type="stmt"/>
      <line num="56" count="0" type="stmt"/>
      <line num="67" count="0" type="stmt"/>
      <line num="71" count="1" type="stmt"/>
      <line num="72" count="0" type="stmt"/>
      <line num="73" count="0" type="stmt"/>
    </file>
    <file name="viewMyIssuesLogic.js" path="C:\Users\lebop\Desktop\Coding Projects\Sports Facility Management App\FacilityManagement\public\js\viewMyIssuesLogic.js">
      <metrics statements="18" coveredstatements="17" conditionals="4" coveredconditionals="2" methods="3" coveredmethods="3"/>
      <line num="4" count="2" type="stmt"/>
      <line num="5" count="2" type="stmt"/>
      <line num="7" count="2" type="stmt"/>
      <line num="13" count="2" type="stmt"/>
      <line num="15" count="2" type="stmt"/>
      <line num="16" count="2" type="stmt"/>
      <line num="18" count="2" type="stmt"/>
      <line num="19" count="2" type="stmt"/>
      <line num="20" count="2" type="stmt"/>
      <line num="21" count="2" type="stmt"/>
      <line num="22" count="2" type="stmt"/>
      <line num="23" count="1" type="cond" truecount="1" falsecount="1"/>
      <line num="24" count="1" type="cond" truecount="1" falsecount="1"/>
      <line num="25" count="1" type="stmt"/>
      <line num="28" count="2" type="stmt"/>
      <line num="32" count="2" type="stmt"/>
      <line num="34" count="2" type="stmt"/>
      <line num="37" count="0" type="stmt"/>
    </file>
  </project>
</coverage>
