{"C:\\Users\\retro\\COMS 3\\SD\\L\\PULL FROM MAIN\\FacilityManagement\\public\\js\\active_users.js": {"path":"C:\\Users\\retro\\COMS 3\\SD\\L\\PULL FROM MAIN\\FacilityManagement\\public\\js\\active_users.js","statementMap":{"0":{"start":{"line":3,"column":4},"end":{"line":11,"column":5}},"1":{"start":{"line":6,"column":26},"end":{"line":6,"column":100}},"2":{"start":{"line":7,"column":21},"end":{"line":7,"column":43}},"3":{"start":{"line":8,"column":8},"end":{"line":8,"column":21}},"4":{"start":{"line":10,"column":9},"end":{"line":10,"column":61}}},"fnMap":{"0":{"name":"loadActiveUsers","decl":{"start":{"line":2,"column":22},"end":{"line":2,"column":37}},"loc":{"start":{"line":2,"column":40},"end":{"line":12,"column":1}},"line":2}},"branchMap":{},"s":{"0":2,"1":2,"2":1,"3":1,"4":1},"f":{"0":2},"b":{},"_coverageSchema":"1a1c01bbd47fc00a2c39e90264f33305004495a9","hash":"2103870a40484de5eb0b21e912602ebfd77f9285"}
,"C:\\Users\\retro\\COMS 3\\SD\\L\\PULL FROM MAIN\\FacilityManagement\\public\\js\\admin.js": {"path":"C:\\Users\\retro\\COMS 3\\SD\\L\\PULL FROM MAIN\\FacilityManagement\\public\\js\\admin.js","statementMap":{"0":{"start":{"line":3,"column":16},"end":{"line":3,"column":51}},"1":{"start":{"line":5,"column":0},"end":{"line":11,"column":3}},"2":{"start":{"line":7,"column":4},"end":{"line":7,"column":23}},"3":{"start":{"line":8,"column":4},"end":{"line":8,"column":45}},"4":{"start":{"line":13,"column":0},"end":{"line":15,"column":5}},"5":{"start":{"line":14,"column":4},"end":{"line":14,"column":55}},"6":{"start":{"line":16,"column":2},"end":{"line":18,"column":5}},"7":{"start":{"line":17,"column":4},"end":{"line":17,"column":56}},"8":{"start":{"line":19,"column":2},"end":{"line":21,"column":5}},"9":{"start":{"line":20,"column":4},"end":{"line":20,"column":54}}},"fnMap":{"0":{"name":"(anonymous_0)","decl":{"start":{"line":5,"column":35},"end":{"line":5,"column":36}},"loc":{"start":{"line":5,"column":45},"end":{"line":11,"column":1}},"line":5},"1":{"name":"(anonymous_1)","decl":{"start":{"line":13,"column":63},"end":{"line":13,"column":64}},"loc":{"start":{"line":13,"column":69},"end":{"line":15,"column":3}},"line":13},"2":{"name":"(anonymous_2)","decl":{"start":{"line":16,"column":67},"end":{"line":16,"column":68}},"loc":{"start":{"line":16,"column":73},"end":{"line":18,"column":3}},"line":16},"3":{"name":"(anonymous_3)","decl":{"start":{"line":19,"column":68},"end":{"line":19,"column":69}},"loc":{"start":{"line":19,"column":74},"end":{"line":21,"column":3}},"line":19}},"branchMap":{},"s":{"0":0,"1":0,"2":0,"3":0,"4":0,"5":0,"6":0,"7":0,"8":0,"9":0},"f":{"0":0,"1":0,"2":0,"3":0},"b":{}}
,"C:\\Users\\retro\\COMS 3\\SD\\L\\PULL FROM MAIN\\FacilityManagement\\public\\js\\adminRevokeDom.js": {"path":"C:\\Users\\retro\\COMS 3\\SD\\L\\PULL FROM MAIN\\FacilityManagement\\public\\js\\adminRevokeDom.js","statementMap":{"0":{"start":{"line":5,"column":16},"end":{"line":5,"column":56}},"1":{"start":{"line":6,"column":2},"end":{"line":6,"column":23}},"2":{"start":{"line":8,"column":16},"end":{"line":8,"column":39}},"3":{"start":{"line":10,"column":2},"end":{"line":33,"column":5}},"4":{"start":{"line":11,"column":4},"end":{"line":32,"column":5}},"5":{"start":{"line":12,"column":18},"end":{"line":12,"column":46}},"6":{"start":{"line":14,"column":6},"end":{"line":29,"column":8}},"7":{"start":{"line":31,"column":6},"end":{"line":31,"column":29}},"8":{"start":{"line":35,"column":2},"end":{"line":35,"column":25}},"9":{"start":{"line":39,"column":2},"end":{"line":52,"column":5}},"10":{"start":{"line":40,"column":4},"end":{"line":51,"column":7}},"11":{"start":{"line":41,"column":21},"end":{"line":41,"column":57}},"12":{"start":{"line":42,"column":6},"end":{"line":42,"column":73}},"13":{"start":{"line":42,"column":66},"end":{"line":42,"column":73}},"14":{"start":{"line":44,"column":6},"end":{"line":50,"column":7}},"15":{"start":{"line":45,"column":8},"end":{"line":45,"column":38}},"16":{"start":{"line":46,"column":8},"end":{"line":46,"column":43}},"17":{"start":{"line":47,"column":8},"end":{"line":47,"column":27}},"18":{"start":{"line":49,"column":8},"end":{"line":49,"column":39}},"19":{"start":{"line":54,"column":2},"end":{"line":70,"column":5}},"20":{"start":{"line":55,"column":4},"end":{"line":69,"column":7}},"21":{"start":{"line":56,"column":22},"end":{"line":56,"column":40}},"22":{"start":{"line":57,"column":21},"end":{"line":57,"column":57}},"23":{"start":{"line":58,"column":6},"end":{"line":58,"column":27}},"24":{"start":{"line":58,"column":20},"end":{"line":58,"column":27}},"25":{"start":{"line":60,"column":6},"end":{"line":60,"column":79}},"26":{"start":{"line":60,"column":72},"end":{"line":60,"column":79}},"27":{"start":{"line":62,"column":6},"end":{"line":68,"column":7}},"28":{"start":{"line":63,"column":8},"end":{"line":63,"column":46}},"29":{"start":{"line":64,"column":8},"end":{"line":64,"column":44}},"30":{"start":{"line":65,"column":8},"end":{"line":65,"column":27}},"31":{"start":{"line":67,"column":8},"end":{"line":67,"column":39}}},"fnMap":{"0":{"name":"renderAdminUsers","decl":{"start":{"line":4,"column":22},"end":{"line":4,"column":38}},"loc":{"start":{"line":4,"column":41},"end":{"line":36,"column":1}},"line":4},"1":{"name":"(anonymous_1)","decl":{"start":{"line":10,"column":16},"end":{"line":10,"column":17}},"loc":{"start":{"line":10,"column":24},"end":{"line":33,"column":3}},"line":10},"2":{"name":"attachAdminListeners","decl":{"start":{"line":38,"column":9},"end":{"line":38,"column":29}},"loc":{"start":{"line":38,"column":32},"end":{"line":71,"column":1}},"line":38},"3":{"name":"(anonymous_3)","decl":{"start":{"line":39,"column":50},"end":{"line":39,"column":51}},"loc":{"start":{"line":39,"column":57},"end":{"line":52,"column":3}},"line":39},"4":{"name":"(anonymous_4)","decl":{"start":{"line":40,"column":34},"end":{"line":40,"column":35}},"loc":{"start":{"line":40,"column":51},"end":{"line":51,"column":5}},"line":40},"5":{"name":"(anonymous_5)","decl":{"start":{"line":54,"column":53},"end":{"line":54,"column":54}},"loc":{"start":{"line":54,"column":65},"end":{"line":70,"column":3}},"line":54},"6":{"name":"(anonymous_6)","decl":{"start":{"line":55,"column":40},"end":{"line":55,"column":41}},"loc":{"start":{"line":55,"column":57},"end":{"line":69,"column":5}},"line":55}},"branchMap":{"0":{"loc":{"start":{"line":11,"column":4},"end":{"line":32,"column":5}},"type":"if","locations":[{"start":{"line":11,"column":4},"end":{"line":32,"column":5}},{"start":{},"end":{}}],"line":11},"1":{"loc":{"start":{"line":15,"column":14},"end":{"line":15,"column":33}},"type":"binary-expr","locations":[{"start":{"line":15,"column":14},"end":{"line":15,"column":24}},{"start":{"line":15,"column":28},"end":{"line":15,"column":33}}],"line":15},"2":{"loc":{"start":{"line":16,"column":14},"end":{"line":16,"column":36}},"type":"binary-expr","locations":[{"start":{"line":16,"column":14},"end":{"line":16,"column":27}},{"start":{"line":16,"column":31},"end":{"line":16,"column":36}}],"line":16},"3":{"loc":{"start":{"line":17,"column":14},"end":{"line":17,"column":33}},"type":"binary-expr","locations":[{"start":{"line":17,"column":14},"end":{"line":17,"column":23}},{"start":{"line":17,"column":27},"end":{"line":17,"column":33}}],"line":17},"4":{"loc":{"start":{"line":42,"column":6},"end":{"line":42,"column":73}},"type":"if","locations":[{"start":{"line":42,"column":6},"end":{"line":42,"column":73}},{"start":{},"end":{}}],"line":42},"5":{"loc":{"start":{"line":58,"column":6},"end":{"line":58,"column":27}},"type":"if","locations":[{"start":{"line":58,"column":6},"end":{"line":58,"column":27}},{"start":{},"end":{}}],"line":58},"6":{"loc":{"start":{"line":60,"column":6},"end":{"line":60,"column":79}},"type":"if","locations":[{"start":{"line":60,"column":6},"end":{"line":60,"column":79}},{"start":{},"end":{}}],"line":60}},"s":{"0":5,"1":5,"2":5,"3":5,"4":6,"5":6,"6":6,"7":6,"8":5,"9":5,"10":6,"11":1,"12":1,"13":0,"14":1,"15":1,"16":1,"17":1,"18":0,"19":5,"20":6,"21":1,"22":1,"23":1,"24":0,"25":1,"26":0,"27":1,"28":1,"29":1,"30":1,"31":0},"f":{"0":5,"1":6,"2":5,"3":6,"4":1,"5":6,"6":1},"b":{"0":[6,0],"1":[6,0],"2":[6,0],"3":[6,0],"4":[0,1],"5":[0,1],"6":[0,1]},"_coverageSchema":"1a1c01bbd47fc00a2c39e90264f33305004495a9","hash":"051ece9f270397e39dcf152be18b9fd768dbc371"}
,"C:\\Users\\retro\\COMS 3\\SD\\L\\PULL FROM MAIN\\FacilityManagement\\public\\js\\adminRevokeFun.js": {"path":"C:\\Users\\retro\\COMS 3\\SD\\L\\PULL FROM MAIN\\FacilityManagement\\public\\js\\adminRevokeFun.js","statementMap":{"0":{"start":{"line":2,"column":17},"end":{"line":2,"column":62}},"1":{"start":{"line":5,"column":2},"end":{"line":16,"column":3}},"2":{"start":{"line":6,"column":21},"end":{"line":9,"column":6}},"3":{"start":{"line":10,"column":21},"end":{"line":10,"column":42}},"4":{"start":{"line":11,"column":4},"end":{"line":11,"column":73}},"5":{"start":{"line":11,"column":35},"end":{"line":11,"column":71}},"6":{"start":{"line":14,"column":4},"end":{"line":14,"column":55}},"7":{"start":{"line":15,"column":4},"end":{"line":15,"column":14}},"8":{"start":{"line":20,"column":2},"end":{"line":32,"column":3}},"9":{"start":{"line":21,"column":21},"end":{"line":25,"column":6}},"10":{"start":{"line":26,"column":19},"end":{"line":26,"column":40}},"11":{"start":{"line":27,"column":4},"end":{"line":27,"column":76}},"12":{"start":{"line":27,"column":22},"end":{"line":27,"column":76}},"13":{"start":{"line":28,"column":4},"end":{"line":28,"column":18}},"14":{"start":{"line":30,"column":4},"end":{"line":30,"column":53}},"15":{"start":{"line":31,"column":4},"end":{"line":31,"column":14}},"16":{"start":{"line":36,"column":2},"end":{"line":48,"column":3}},"17":{"start":{"line":37,"column":21},"end":{"line":41,"column":6}},"18":{"start":{"line":42,"column":19},"end":{"line":42,"column":40}},"19":{"start":{"line":43,"column":4},"end":{"line":43,"column":79}},"20":{"start":{"line":43,"column":22},"end":{"line":43,"column":79}},"21":{"start":{"line":44,"column":4},"end":{"line":44,"column":18}},"22":{"start":{"line":46,"column":4},"end":{"line":46,"column":54}},"23":{"start":{"line":47,"column":4},"end":{"line":47,"column":14}}},"fnMap":{"0":{"name":"fetchAdminUsers","decl":{"start":{"line":4,"column":22},"end":{"line":4,"column":37}},"loc":{"start":{"line":4,"column":40},"end":{"line":17,"column":1}},"line":4},"1":{"name":"(anonymous_1)","decl":{"start":{"line":11,"column":27},"end":{"line":11,"column":28}},"loc":{"start":{"line":11,"column":35},"end":{"line":11,"column":71}},"line":11},"2":{"name":"revokeAdminUser","decl":{"start":{"line":19,"column":22},"end":{"line":19,"column":37}},"loc":{"start":{"line":19,"column":46},"end":{"line":33,"column":1}},"line":19},"3":{"name":"updateUserRole","decl":{"start":{"line":35,"column":22},"end":{"line":35,"column":36}},"loc":{"start":{"line":35,"column":54},"end":{"line":49,"column":1}},"line":35}},"branchMap":{"0":{"loc":{"start":{"line":27,"column":4},"end":{"line":27,"column":76}},"type":"if","locations":[{"start":{"line":27,"column":4},"end":{"line":27,"column":76}},{"start":{},"end":{}}],"line":27},"1":{"loc":{"start":{"line":27,"column":38},"end":{"line":27,"column":74}},"type":"binary-expr","locations":[{"start":{"line":27,"column":38},"end":{"line":27,"column":52}},{"start":{"line":27,"column":56},"end":{"line":27,"column":74}}],"line":27},"2":{"loc":{"start":{"line":43,"column":4},"end":{"line":43,"column":79}},"type":"if","locations":[{"start":{"line":43,"column":4},"end":{"line":43,"column":79}},{"start":{},"end":{}}],"line":43},"3":{"loc":{"start":{"line":43,"column":38},"end":{"line":43,"column":77}},"type":"binary-expr","locations":[{"start":{"line":43,"column":38},"end":{"line":43,"column":50}},{"start":{"line":43,"column":54},"end":{"line":43,"column":77}}],"line":43}},"s":{"0":1,"1":2,"2":2,"3":1,"4":1,"5":3,"6":1,"7":1,"8":1,"9":1,"10":1,"11":1,"12":0,"13":1,"14":0,"15":0,"16":1,"17":1,"18":1,"19":1,"20":0,"21":1,"22":0,"23":0},"f":{"0":2,"1":3,"2":1,"3":1},"b":{"0":[0,1],"1":[0,0],"2":[0,1],"3":[0,0]},"_coverageSchema":"1a1c01bbd47fc00a2c39e90264f33305004495a9","hash":"a2d3ae739ff6f780467333c791ca94d8eb95b47a"}
,"C:\\Users\\retro\\COMS 3\\SD\\L\\PULL FROM MAIN\\FacilityManagement\\public\\js\\approveBooking.js": {"path":"C:\\Users\\retro\\COMS 3\\SD\\L\\PULL FROM MAIN\\FacilityManagement\\public\\js\\approveBooking.js","statementMap":{"0":{"start":{"line":3,"column":4},"end":{"line":27,"column":5}},"1":{"start":{"line":5,"column":6},"end":{"line":7,"column":7}},"2":{"start":{"line":6,"column":8},"end":{"line":6,"column":75}},"3":{"start":{"line":9,"column":25},"end":{"line":9,"column":62}},"4":{"start":{"line":12,"column":25},"end":{"line":12,"column":47}},"5":{"start":{"line":13,"column":6},"end":{"line":15,"column":7}},"6":{"start":{"line":14,"column":8},"end":{"line":14,"column":69}},"7":{"start":{"line":18,"column":6},"end":{"line":18,"column":50}},"8":{"start":{"line":20,"column":6},"end":{"line":23,"column":8}},"9":{"start":{"line":25,"column":6},"end":{"line":25,"column":27}},"10":{"start":{"line":26,"column":6},"end":{"line":26,"column":62}},"11":{"start":{"line":30,"column":2},"end":{"line":30,"column":34}}},"fnMap":{"0":{"name":"approveBooking","decl":{"start":{"line":2,"column":15},"end":{"line":2,"column":29}},"loc":{"start":{"line":2,"column":50},"end":{"line":28,"column":3}},"line":2}},"branchMap":{"0":{"loc":{"start":{"line":5,"column":6},"end":{"line":7,"column":7}},"type":"if","locations":[{"start":{"line":5,"column":6},"end":{"line":7,"column":7}},{"start":{},"end":{}}],"line":5},"1":{"loc":{"start":{"line":5,"column":10},"end":{"line":5,"column":74}},"type":"binary-expr","locations":[{"start":{"line":5,"column":10},"end":{"line":5,"column":17}},{"start":{"line":5,"column":21},"end":{"line":5,"column":28}},{"start":{"line":5,"column":32},"end":{"line":5,"column":74}}],"line":5},"2":{"loc":{"start":{"line":13,"column":6},"end":{"line":15,"column":7}},"type":"if","locations":[{"start":{"line":13,"column":6},"end":{"line":15,"column":7}},{"start":{},"end":{}}],"line":13}},"s":{"0":5,"1":5,"2":2,"3":3,"4":3,"5":2,"6":1,"7":1,"8":1,"9":1,"10":1,"11":1},"f":{"0":5},"b":{"0":[2,3],"1":[5,4,4],"2":[1,1]},"_coverageSchema":"1a1c01bbd47fc00a2c39e90264f33305004495a9","hash":"c6a9d26e9bfc3adf96eb7493c1dee164178f75ec"}
,"C:\\Users\\retro\\COMS 3\\SD\\L\\PULL FROM MAIN\\FacilityManagement\\public\\js\\barGraph.js": {"path":"C:\\Users\\retro\\COMS 3\\SD\\L\\PULL FROM MAIN\\FacilityManagement\\public\\js\\barGraph.js","statementMap":{"0":{"start":{"line":2,"column":2},"end":{"line":14,"column":3}},"1":{"start":{"line":3,"column":21},"end":{"line":3,"column":120}},"2":{"start":{"line":4,"column":17},"end":{"line":4,"column":38}},"3":{"start":{"line":5,"column":23},"end":{"line":5,"column":121}},"4":{"start":{"line":6,"column":19},"end":{"line":6,"column":38}},"5":{"start":{"line":8,"column":4},"end":{"line":11,"column":7}},"6":{"start":{"line":13,"column":4},"end":{"line":13,"column":54}}},"fnMap":{"0":{"name":"updateChart","decl":{"start":{"line":1,"column":22},"end":{"line":1,"column":33}},"loc":{"start":{"line":1,"column":48},"end":{"line":15,"column":1}},"line":1}},"branchMap":{},"s":{"0":1,"1":1,"2":1,"3":1,"4":1,"5":1,"6":0},"f":{"0":1},"b":{},"_coverageSchema":"1a1c01bbd47fc00a2c39e90264f33305004495a9","hash":"42f6eabe73be08c90be6323d72216cd904ee6cf9"}
,"C:\\Users\\retro\\COMS 3\\SD\\L\\PULL FROM MAIN\\FacilityManagement\\public\\js\\getBookingFun.js": {"path":"C:\\Users\\retro\\COMS 3\\SD\\L\\PULL FROM MAIN\\FacilityManagement\\public\\js\\getBookingFun.js","statementMap":{"0":{"start":{"line":2,"column":2},"end":{"line":8,"column":3}},"1":{"start":{"line":3,"column":21},"end":{"line":3,"column":98}},"2":{"start":{"line":4,"column":4},"end":{"line":4,"column":33}},"3":{"start":{"line":6,"column":4},"end":{"line":6,"column":52}},"4":{"start":{"line":7,"column":4},"end":{"line":7,"column":14}},"5":{"start":{"line":12,"column":2},"end":{"line":29,"column":3}},"6":{"start":{"line":13,"column":21},"end":{"line":19,"column":6}},"7":{"start":{"line":21,"column":4},"end":{"line":24,"column":5}},"8":{"start":{"line":22,"column":24},"end":{"line":22,"column":45}},"9":{"start":{"line":23,"column":6},"end":{"line":23,"column":33}},"10":{"start":{"line":26,"column":4},"end":{"line":26,"column":50}},"11":{"start":{"line":28,"column":4},"end":{"line":28,"column":57}}},"fnMap":{"0":{"name":"fetchBookings","decl":{"start":{"line":1,"column":22},"end":{"line":1,"column":35}},"loc":{"start":{"line":1,"column":38},"end":{"line":9,"column":1}},"line":1},"1":{"name":"updateBookingStatus","decl":{"start":{"line":11,"column":22},"end":{"line":11,"column":41}},"loc":{"start":{"line":11,"column":61},"end":{"line":30,"column":1}},"line":11}},"branchMap":{"0":{"loc":{"start":{"line":21,"column":4},"end":{"line":24,"column":5}},"type":"if","locations":[{"start":{"line":21,"column":4},"end":{"line":24,"column":5}},{"start":{},"end":{}}],"line":21}},"s":{"0":2,"1":2,"2":1,"3":1,"4":1,"5":2,"6":2,"7":2,"8":1,"9":1,"10":1,"11":1},"f":{"0":2,"1":2},"b":{"0":[1,1]},"_coverageSchema":"1a1c01bbd47fc00a2c39e90264f33305004495a9","hash":"67ec6c8c1a8eab8a4faf9ef841f0899425548f38"}
,"C:\\Users\\retro\\COMS 3\\SD\\L\\PULL FROM MAIN\\FacilityManagement\\public\\js\\getUsersfun.js": {"path":"C:\\Users\\retro\\COMS 3\\SD\\L\\PULL FROM MAIN\\FacilityManagement\\public\\js\\getUsersfun.js","statementMap":{"0":{"start":{"line":2,"column":2},"end":{"line":10,"column":3}},"1":{"start":{"line":3,"column":21},"end":{"line":3,"column":93}},"2":{"start":{"line":4,"column":17},"end":{"line":4,"column":38}},"3":{"start":{"line":5,"column":17},"end":{"line":5,"column":44}},"4":{"start":{"line":5,"column":32},"end":{"line":5,"column":43}},"5":{"start":{"line":6,"column":4},"end":{"line":6,"column":40}},"6":{"start":{"line":8,"column":4},"end":{"line":8,"column":48}},"7":{"start":{"line":9,"column":4},"end":{"line":9,"column":17}}},"fnMap":{"0":{"name":"getUser","decl":{"start":{"line":1,"column":22},"end":{"line":1,"column":29}},"loc":{"start":{"line":1,"column":34},"end":{"line":11,"column":1}},"line":1},"1":{"name":"(anonymous_1)","decl":{"start":{"line":5,"column":27},"end":{"line":5,"column":28}},"loc":{"start":{"line":5,"column":32},"end":{"line":5,"column":43}},"line":5}},"branchMap":{"0":{"loc":{"start":{"line":6,"column":11},"end":{"line":6,"column":39}},"type":"cond-expr","locations":[{"start":{"line":6,"column":18},"end":{"line":6,"column":31}},{"start":{"line":6,"column":34},"end":{"line":6,"column":39}}],"line":6}},"s":{"0":3,"1":3,"2":2,"3":2,"4":2,"5":2,"6":1,"7":1},"f":{"0":3,"1":2},"b":{"0":[1,1]},"_coverageSchema":"1a1c01bbd47fc00a2c39e90264f33305004495a9","hash":"da50996e6356a81ca502913685aee8fda2f35ff9"}
,"C:\\Users\\retro\\COMS 3\\SD\\L\\PULL FROM MAIN\\FacilityManagement\\public\\js\\issuesBargraph.js": {"path":"C:\\Users\\retro\\COMS 3\\SD\\L\\PULL FROM MAIN\\FacilityManagement\\public\\js\\issuesBargraph.js","statementMap":{"0":{"start":{"line":4,"column":4},"end":{"line":34,"column":5}},"1":{"start":{"line":5,"column":20},"end":{"line":5,"column":93}},"2":{"start":{"line":6,"column":27},"end":{"line":6,"column":43}},"3":{"start":{"line":8,"column":28},"end":{"line":8,"column":52}},"4":{"start":{"line":9,"column":29},"end":{"line":9,"column":46}},"5":{"start":{"line":10,"column":31},"end":{"line":10,"column":48}},"6":{"start":{"line":12,"column":8},"end":{"line":26,"column":11}},"7":{"start":{"line":13,"column":30},"end":{"line":13,"column":55}},"8":{"start":{"line":14,"column":27},"end":{"line":14,"column":61}},"9":{"start":{"line":16,"column":12},"end":{"line":16,"column":64}},"10":{"start":{"line":16,"column":57},"end":{"line":16,"column":64}},"11":{"start":{"line":18,"column":26},"end":{"line":18,"column":46}},"12":{"start":{"line":20,"column":12},"end":{"line":25,"column":13}},"13":{"start":{"line":21,"column":16},"end":{"line":21,"column":38}},"14":{"start":{"line":24,"column":16},"end":{"line":24,"column":40}},"15":{"start":{"line":28,"column":8},"end":{"line":28,"column":48}},"16":{"start":{"line":32,"column":8},"end":{"line":32,"column":67}},"17":{"start":{"line":33,"column":8},"end":{"line":33,"column":56}}},"fnMap":{"0":{"name":"getMonthlyIssueData","decl":{"start":{"line":2,"column":15},"end":{"line":2,"column":34}},"loc":{"start":{"line":2,"column":36},"end":{"line":36,"column":1}},"line":2},"1":{"name":"(anonymous_1)","decl":{"start":{"line":12,"column":23},"end":{"line":12,"column":24}},"loc":{"start":{"line":12,"column":32},"end":{"line":26,"column":9}},"line":12}},"branchMap":{"0":{"loc":{"start":{"line":14,"column":28},"end":{"line":14,"column":46}},"type":"binary-expr","locations":[{"start":{"line":14,"column":28},"end":{"line":14,"column":40}},{"start":{"line":14,"column":44},"end":{"line":14,"column":46}}],"line":14},"1":{"loc":{"start":{"line":16,"column":12},"end":{"line":16,"column":64}},"type":"if","locations":[{"start":{"line":16,"column":12},"end":{"line":16,"column":64}},{"start":{},"end":{}}],"line":16},"2":{"loc":{"start":{"line":20,"column":12},"end":{"line":25,"column":13}},"type":"if","locations":[{"start":{"line":20,"column":12},"end":{"line":25,"column":13}},{"start":{"line":23,"column":17},"end":{"line":25,"column":13}}],"line":20}},"s":{"0":2,"1":2,"2":1,"3":1,"4":1,"5":1,"6":1,"7":4,"8":4,"9":4,"10":1,"11":3,"12":3,"13":2,"14":1,"15":1,"16":1,"17":1},"f":{"0":2,"1":4},"b":{"0":[4,0],"1":[1,3],"2":[2,1]},"_coverageSchema":"1a1c01bbd47fc00a2c39e90264f33305004495a9","hash":"ab367a9c1c5efece54d82ab51f11760e4f3ab5cc"}
,"C:\\Users\\retro\\COMS 3\\SD\\L\\PULL FROM MAIN\\FacilityManagement\\public\\js\\issuesreport.js": {"path":"C:\\Users\\retro\\COMS 3\\SD\\L\\PULL FROM MAIN\\FacilityManagement\\public\\js\\issuesreport.js","statementMap":{"0":{"start":{"line":1,"column":7},"end":{"line":1,"column":8}},"1":{"start":{"line":3,"column":2},"end":{"line":18,"column":3}},"2":{"start":{"line":4,"column":21},"end":{"line":4,"column":95}},"3":{"start":{"line":6,"column":4},"end":{"line":9,"column":5}},"4":{"start":{"line":11,"column":17},"end":{"line":11,"column":38}},"5":{"start":{"line":12,"column":21},"end":{"line":12,"column":53}},"6":{"start":{"line":12,"column":38},"end":{"line":12,"column":52}},"7":{"start":{"line":13,"column":4},"end":{"line":13,"column":34}},"8":{"start":{"line":14,"column":4},"end":{"line":14,"column":26}},"9":{"start":{"line":16,"column":4},"end":{"line":16,"column":41}},"10":{"start":{"line":17,"column":4},"end":{"line":17,"column":10}},"11":{"start":{"line":22,"column":14},"end":{"line":22,"column":24}},"12":{"start":{"line":23,"column":23},"end":{"line":23,"column":37}},"13":{"start":{"line":24,"column":22},"end":{"line":24,"column":39}},"14":{"start":{"line":26,"column":29},"end":{"line":29,"column":4}},"15":{"start":{"line":27,"column":24},"end":{"line":27,"column":64}},"16":{"start":{"line":28,"column":4},"end":{"line":28,"column":96}},"17":{"start":{"line":31,"column":2},"end":{"line":31,"column":35}}},"fnMap":{"0":{"name":"totalReports","decl":{"start":{"line":2,"column":15},"end":{"line":2,"column":27}},"loc":{"start":{"line":2,"column":30},"end":{"line":19,"column":1}},"line":2},"1":{"name":"(anonymous_1)","decl":{"start":{"line":12,"column":30},"end":{"line":12,"column":31}},"loc":{"start":{"line":12,"column":38},"end":{"line":12,"column":52}},"line":12},"2":{"name":"getCurrentMonthIssues","decl":{"start":{"line":21,"column":9},"end":{"line":21,"column":30}},"loc":{"start":{"line":21,"column":37},"end":{"line":32,"column":1}},"line":21},"3":{"name":"(anonymous_3)","decl":{"start":{"line":26,"column":41},"end":{"line":26,"column":42}},"loc":{"start":{"line":26,"column":49},"end":{"line":29,"column":3}},"line":26}},"branchMap":{"0":{"loc":{"start":{"line":6,"column":4},"end":{"line":9,"column":5}},"type":"if","locations":[{"start":{"line":6,"column":4},"end":{"line":9,"column":5}},{"start":{},"end":{}}],"line":6},"1":{"loc":{"start":{"line":28,"column":11},"end":{"line":28,"column":95}},"type":"binary-expr","locations":[{"start":{"line":28,"column":11},"end":{"line":28,"column":50}},{"start":{"line":28,"column":54},"end":{"line":28,"column":95}}],"line":28}},"s":{"0":1,"1":3,"2":3,"3":2,"4":2,"5":2,"6":4,"7":2,"8":2,"9":1,"10":1,"11":3,"12":3,"13":3,"14":3,"15":8,"16":8,"17":3},"f":{"0":3,"1":4,"2":3,"3":8},"b":{"0":[1,1],"1":[8,4]},"_coverageSchema":"1a1c01bbd47fc00a2c39e90264f33305004495a9","hash":"1788d2dc12bdd16531fd406e798a3477da217515"}
,"C:\\Users\\retro\\COMS 3\\SD\\L\\PULL FROM MAIN\\FacilityManagement\\public\\js\\linegraph_bookings.js": {"path":"C:\\Users\\retro\\COMS 3\\SD\\L\\PULL FROM MAIN\\FacilityManagement\\public\\js\\linegraph_bookings.js","statementMap":{"0":{"start":{"line":2,"column":2},"end":{"line":18,"column":3}},"1":{"start":{"line":3,"column":21},"end":{"line":3,"column":106}},"2":{"start":{"line":5,"column":4},"end":{"line":8,"column":5}},"3":{"start":{"line":6,"column":24},"end":{"line":6,"column":63}},"4":{"start":{"line":6,"column":59},"end":{"line":6,"column":61}},"5":{"start":{"line":7,"column":6},"end":{"line":7,"column":77}},"6":{"start":{"line":10,"column":4},"end":{"line":10,"column":33}},"7":{"start":{"line":13,"column":4},"end":{"line":16,"column":7}},"8":{"start":{"line":17,"column":4},"end":{"line":17,"column":29}}},"fnMap":{"0":{"name":"getBookingsData","decl":{"start":{"line":1,"column":15},"end":{"line":1,"column":30}},"loc":{"start":{"line":1,"column":33},"end":{"line":19,"column":1}},"line":1},"1":{"name":"(anonymous_1)","decl":{"start":{"line":6,"column":52},"end":{"line":6,"column":53}},"loc":{"start":{"line":6,"column":59},"end":{"line":6,"column":61}},"line":6}},"branchMap":{"0":{"loc":{"start":{"line":5,"column":4},"end":{"line":8,"column":5}},"type":"if","locations":[{"start":{"line":5,"column":4},"end":{"line":8,"column":5}},{"start":{},"end":{}}],"line":5},"1":{"loc":{"start":{"line":7,"column":22},"end":{"line":7,"column":75}},"type":"binary-expr","locations":[{"start":{"line":7,"column":22},"end":{"line":7,"column":37}},{"start":{"line":7,"column":41},"end":{"line":7,"column":75}}],"line":7}},"s":{"0":4,"1":4,"2":3,"3":2,"4":1,"5":2,"6":1,"7":3,"8":3},"f":{"0":4,"1":1},"b":{"0":[2,1],"1":[2,1]},"_coverageSchema":"1a1c01bbd47fc00a2c39e90264f33305004495a9","hash":"0a0c44171a0f6730375f468c939b822d272d3585"}
,"C:\\Users\\retro\\COMS 3\\SD\\L\\PULL FROM MAIN\\FacilityManagement\\public\\js\\piechart_issues.js": {"path":"C:\\Users\\retro\\COMS 3\\SD\\L\\PULL FROM MAIN\\FacilityManagement\\public\\js\\piechart_issues.js","statementMap":{"0":{"start":{"line":4,"column":17},"end":{"line":4,"column":33}},"1":{"start":{"line":5,"column":4},"end":{"line":8,"column":5}},"2":{"start":{"line":6,"column":8},"end":{"line":6,"column":38}},"3":{"start":{"line":7,"column":8},"end":{"line":7,"column":42}},"4":{"start":{"line":9,"column":4},"end":{"line":31,"column":5}},"5":{"start":{"line":10,"column":24},"end":{"line":10,"column":47}},"6":{"start":{"line":11,"column":25},"end":{"line":15,"column":10}},"7":{"start":{"line":17,"column":8},"end":{"line":19,"column":9}},"8":{"start":{"line":18,"column":12},"end":{"line":18,"column":70}},"9":{"start":{"line":21,"column":23},"end":{"line":21,"column":44}},"10":{"start":{"line":24,"column":8},"end":{"line":27,"column":10}},"11":{"start":{"line":29,"column":8},"end":{"line":29,"column":63}},"12":{"start":{"line":30,"column":8},"end":{"line":30,"column":42}}},"fnMap":{"0":{"name":"getPieChartData","decl":{"start":{"line":3,"column":22},"end":{"line":3,"column":37}},"loc":{"start":{"line":3,"column":40},"end":{"line":32,"column":1}},"line":3}},"branchMap":{"0":{"loc":{"start":{"line":5,"column":4},"end":{"line":8,"column":5}},"type":"if","locations":[{"start":{"line":5,"column":4},"end":{"line":8,"column":5}},{"start":{},"end":{}}],"line":5},"1":{"loc":{"start":{"line":17,"column":8},"end":{"line":19,"column":9}},"type":"if","locations":[{"start":{"line":17,"column":8},"end":{"line":19,"column":9}},{"start":{},"end":{}}],"line":17},"2":{"loc":{"start":{"line":25,"column":20},"end":{"line":25,"column":62}},"type":"binary-expr","locations":[{"start":{"line":25,"column":20},"end":{"line":25,"column":39}},{"start":{"line":25,"column":43},"end":{"line":25,"column":56}},{"start":{"line":25,"column":60},"end":{"line":25,"column":62}}],"line":25},"3":{"loc":{"start":{"line":26,"column":20},"end":{"line":26,"column":62}},"type":"binary-expr","locations":[{"start":{"line":26,"column":20},"end":{"line":26,"column":39}},{"start":{"line":26,"column":43},"end":{"line":26,"column":56}},{"start":{"line":26,"column":60},"end":{"line":26,"column":62}}],"line":26}},"s":{"0":4,"1":4,"2":1,"3":1,"4":3,"5":3,"6":3,"7":2,"8":0,"9":2,"10":2,"11":1,"12":1},"f":{"0":4},"b":{"0":[1,3],"1":[0,2],"2":[2,1,0],"3":[2,1,0]},"_coverageSchema":"1a1c01bbd47fc00a2c39e90264f33305004495a9","hash":"8d8d4ebe62b37295ad9f769ed705ef2b0d82c559"}
,"C:\\Users\\retro\\COMS 3\\SD\\L\\PULL FROM MAIN\\FacilityManagement\\public\\js\\postEvent.js": {"path":"C:\\Users\\retro\\COMS 3\\SD\\L\\PULL FROM MAIN\\FacilityManagement\\public\\js\\postEvent.js","statementMap":{"0":{"start":{"line":3,"column":18},"end":{"line":3,"column":41}},"1":{"start":{"line":5,"column":14},"end":{"line":12,"column":4}},"2":{"start":{"line":14,"column":15},"end":{"line":14,"column":31}},"3":{"start":{"line":15,"column":2},"end":{"line":15,"column":23}}},"fnMap":{"0":{"name":"postEvent","decl":{"start":{"line":2,"column":22},"end":{"line":2,"column":31}},"loc":{"start":{"line":2,"column":89},"end":{"line":16,"column":1}},"line":2}},"branchMap":{},"s":{"0":1,"1":1,"2":1,"3":1},"f":{"0":1},"b":{},"_coverageSchema":"1a1c01bbd47fc00a2c39e90264f33305004495a9","hash":"48f9fbcc0eeda0399317d8dd165332a3da9d97e5"}
,"C:\\Users\\retro\\COMS 3\\SD\\L\\PULL FROM MAIN\\FacilityManagement\\public\\js\\register.js": {"path":"C:\\Users\\retro\\COMS 3\\SD\\L\\PULL FROM MAIN\\FacilityManagement\\public\\js\\register.js","statementMap":{"0":{"start":{"line":4,"column":0},"end":{"line":4,"column":86}}},"fnMap":{},"branchMap":{},"s":{"0":0},"f":{},"b":{}}
,"C:\\Users\\retro\\COMS 3\\SD\\L\\PULL FROM MAIN\\FacilityManagement\\public\\js\\revokeDom.js": {"path":"C:\\Users\\retro\\COMS 3\\SD\\L\\PULL FROM MAIN\\FacilityManagement\\public\\js\\revokeDom.js","statementMap":{"0":{"start":{"line":4,"column":16},"end":{"line":4,"column":56}},"1":{"start":{"line":5,"column":2},"end":{"line":5,"column":23}},"2":{"start":{"line":7,"column":2},"end":{"line":19,"column":5}},"3":{"start":{"line":8,"column":17},"end":{"line":8,"column":41}},"4":{"start":{"line":9,"column":4},"end":{"line":18,"column":5}},"5":{"start":{"line":10,"column":18},"end":{"line":10,"column":46}},"6":{"start":{"line":12,"column":6},"end":{"line":15,"column":8}},"7":{"start":{"line":17,"column":6},"end":{"line":17,"column":29}},"8":{"start":{"line":21,"column":2},"end":{"line":21,"column":26}},"9":{"start":{"line":25,"column":2},"end":{"line":38,"column":5}},"10":{"start":{"line":26,"column":4},"end":{"line":37,"column":7}},"11":{"start":{"line":27,"column":21},"end":{"line":27,"column":57}},"12":{"start":{"line":28,"column":6},"end":{"line":28,"column":73}},"13":{"start":{"line":28,"column":66},"end":{"line":28,"column":73}},"14":{"start":{"line":30,"column":6},"end":{"line":36,"column":7}},"15":{"start":{"line":31,"column":8},"end":{"line":31,"column":33}},"16":{"start":{"line":32,"column":8},"end":{"line":32,"column":43}},"17":{"start":{"line":33,"column":8},"end":{"line":33,"column":56}},"18":{"start":{"line":35,"column":8},"end":{"line":35,"column":39}}},"fnMap":{"0":{"name":"renderUsers","decl":{"start":{"line":3,"column":16},"end":{"line":3,"column":27}},"loc":{"start":{"line":3,"column":35},"end":{"line":22,"column":1}},"line":3},"1":{"name":"(anonymous_1)","decl":{"start":{"line":7,"column":16},"end":{"line":7,"column":17}},"loc":{"start":{"line":7,"column":24},"end":{"line":19,"column":3}},"line":7},"2":{"name":"attachDeleteListeners","decl":{"start":{"line":24,"column":9},"end":{"line":24,"column":30}},"loc":{"start":{"line":24,"column":33},"end":{"line":39,"column":1}},"line":24},"3":{"name":"(anonymous_3)","decl":{"start":{"line":25,"column":50},"end":{"line":25,"column":51}},"loc":{"start":{"line":25,"column":57},"end":{"line":38,"column":3}},"line":25},"4":{"name":"(anonymous_4)","decl":{"start":{"line":26,"column":34},"end":{"line":26,"column":35}},"loc":{"start":{"line":26,"column":51},"end":{"line":37,"column":5}},"line":26}},"branchMap":{"0":{"loc":{"start":{"line":9,"column":4},"end":{"line":18,"column":5}},"type":"if","locations":[{"start":{"line":9,"column":4},"end":{"line":18,"column":5}},{"start":{},"end":{}}],"line":9},"1":{"loc":{"start":{"line":9,"column":8},"end":{"line":9,"column":44}},"type":"binary-expr","locations":[{"start":{"line":9,"column":8},"end":{"line":9,"column":24}},{"start":{"line":9,"column":28},"end":{"line":9,"column":44}}],"line":9},"2":{"loc":{"start":{"line":13,"column":14},"end":{"line":13,"column":33}},"type":"binary-expr","locations":[{"start":{"line":13,"column":14},"end":{"line":13,"column":24}},{"start":{"line":13,"column":28},"end":{"line":13,"column":33}}],"line":13},"3":{"loc":{"start":{"line":28,"column":6},"end":{"line":28,"column":73}},"type":"if","locations":[{"start":{"line":28,"column":6},"end":{"line":28,"column":73}},{"start":{},"end":{}}],"line":28}},"s":{"0":2,"1":2,"2":2,"3":3,"4":3,"5":2,"6":2,"7":2,"8":2,"9":2,"10":2,"11":1,"12":1,"13":0,"14":1,"15":1,"16":1,"17":1,"18":0},"f":{"0":2,"1":3,"2":2,"3":2,"4":1},"b":{"0":[2,1],"1":[3,2],"2":[2,0],"3":[0,1]},"_coverageSchema":"1a1c01bbd47fc00a2c39e90264f33305004495a9","hash":"5c999cb572121c2b4efee304b2575d383a92e86e"}
,"C:\\Users\\retro\\COMS 3\\SD\\L\\PULL FROM MAIN\\FacilityManagement\\public\\js\\revokeFun.js": {"path":"C:\\Users\\retro\\COMS 3\\SD\\L\\PULL FROM MAIN\\FacilityManagement\\public\\js\\revokeFun.js","statementMap":{"0":{"start":{"line":1,"column":17},"end":{"line":1,"column":62}},"1":{"start":{"line":4,"column":2},"end":{"line":15,"column":3}},"2":{"start":{"line":5,"column":21},"end":{"line":10,"column":6}},"3":{"start":{"line":11,"column":4},"end":{"line":11,"column":33}},"4":{"start":{"line":13,"column":4},"end":{"line":13,"column":49}},"5":{"start":{"line":14,"column":4},"end":{"line":14,"column":14}},"6":{"start":{"line":19,"column":2},"end":{"line":34,"column":3}},"7":{"start":{"line":20,"column":21},"end":{"line":26,"column":6}},"8":{"start":{"line":28,"column":19},"end":{"line":28,"column":40}},"9":{"start":{"line":29,"column":4},"end":{"line":29,"column":76}},"10":{"start":{"line":29,"column":22},"end":{"line":29,"column":76}},"11":{"start":{"line":30,"column":4},"end":{"line":30,"column":18}},"12":{"start":{"line":32,"column":4},"end":{"line":32,"column":47}},"13":{"start":{"line":33,"column":4},"end":{"line":33,"column":14}}},"fnMap":{"0":{"name":"fetchUsers","decl":{"start":{"line":3,"column":22},"end":{"line":3,"column":32}},"loc":{"start":{"line":3,"column":35},"end":{"line":16,"column":1}},"line":3},"1":{"name":"revokeUser","decl":{"start":{"line":18,"column":22},"end":{"line":18,"column":32}},"loc":{"start":{"line":18,"column":41},"end":{"line":35,"column":1}},"line":18}},"branchMap":{"0":{"loc":{"start":{"line":29,"column":4},"end":{"line":29,"column":76}},"type":"if","locations":[{"start":{"line":29,"column":4},"end":{"line":29,"column":76}},{"start":{},"end":{}}],"line":29},"1":{"loc":{"start":{"line":29,"column":38},"end":{"line":29,"column":74}},"type":"binary-expr","locations":[{"start":{"line":29,"column":38},"end":{"line":29,"column":52}},{"start":{"line":29,"column":56},"end":{"line":29,"column":74}}],"line":29}},"s":{"0":1,"1":2,"2":2,"3":1,"4":1,"5":1,"6":2,"7":2,"8":2,"9":2,"10":1,"11":1,"12":1,"13":1},"f":{"0":2,"1":2},"b":{"0":[1,1],"1":[1,0]},"_coverageSchema":"1a1c01bbd47fc00a2c39e90264f33305004495a9","hash":"6200b776299daf0eb857fbed45e3d57707117f87"}
,"C:\\Users\\retro\\COMS 3\\SD\\L\\PULL FROM MAIN\\FacilityManagement\\public\\js\\signInCore.js": {"path":"C:\\Users\\retro\\COMS 3\\SD\\L\\PULL FROM MAIN\\FacilityManagement\\public\\js\\signInCore.js","statementMap":{"0":{"start":{"line":3,"column":18},"end":{"line":3,"column":28}},"1":{"start":{"line":4,"column":21},"end":{"line":4,"column":46}},"2":{"start":{"line":5,"column":17},"end":{"line":5,"column":27}},"3":{"start":{"line":7,"column":19},"end":{"line":7,"column":37}},"4":{"start":{"line":8,"column":4},"end":{"line":11,"column":5}},"5":{"start":{"line":9,"column":6},"end":{"line":9,"column":46}},"6":{"start":{"line":10,"column":6},"end":{"line":10,"column":16}},"7":{"start":{"line":13,"column":18},"end":{"line":13,"column":41}},"8":{"start":{"line":15,"column":21},"end":{"line":22,"column":6}},"9":{"start":{"line":24,"column":17},"end":{"line":24,"column":38}},"10":{"start":{"line":25,"column":4},"end":{"line":25,"column":47}},"11":{"start":{"line":29,"column":4},"end":{"line":49,"column":5}},"12":{"start":{"line":30,"column":23},"end":{"line":34,"column":8}},"13":{"start":{"line":36,"column":19},"end":{"line":36,"column":40}},"14":{"start":{"line":37,"column":6},"end":{"line":40,"column":7}},"15":{"start":{"line":38,"column":8},"end":{"line":38,"column":68}},"16":{"start":{"line":38,"column":49},"end":{"line":38,"column":68}},"17":{"start":{"line":39,"column":8},"end":{"line":39,"column":68}},"18":{"start":{"line":42,"column":6},"end":{"line":42,"column":54}},"19":{"start":{"line":42,"column":37},"end":{"line":42,"column":54}},"20":{"start":{"line":43,"column":6},"end":{"line":43,"column":66}},"21":{"start":{"line":43,"column":47},"end":{"line":43,"column":66}},"22":{"start":{"line":45,"column":6},"end":{"line":45,"column":25}},"23":{"start":{"line":47,"column":6},"end":{"line":47,"column":46}},"24":{"start":{"line":48,"column":6},"end":{"line":48,"column":21}}},"fnMap":{"0":{"name":"signInCore","decl":{"start":{"line":2,"column":22},"end":{"line":2,"column":32}},"loc":{"start":{"line":2,"column":39},"end":{"line":26,"column":3}},"line":2},"1":{"name":"check","decl":{"start":{"line":28,"column":17},"end":{"line":28,"column":22}},"loc":{"start":{"line":28,"column":30},"end":{"line":50,"column":3}},"line":28}},"branchMap":{"0":{"loc":{"start":{"line":4,"column":21},"end":{"line":4,"column":46}},"type":"binary-expr","locations":[{"start":{"line":4,"column":21},"end":{"line":4,"column":37}},{"start":{"line":4,"column":41},"end":{"line":4,"column":46}}],"line":4},"1":{"loc":{"start":{"line":8,"column":4},"end":{"line":11,"column":5}},"type":"if","locations":[{"start":{"line":8,"column":4},"end":{"line":11,"column":5}},{"start":{},"end":{}}],"line":8},"2":{"loc":{"start":{"line":37,"column":6},"end":{"line":40,"column":7}},"type":"if","locations":[{"start":{"line":37,"column":6},"end":{"line":40,"column":7}},{"start":{},"end":{}}],"line":37},"3":{"loc":{"start":{"line":38,"column":8},"end":{"line":38,"column":68}},"type":"if","locations":[{"start":{"line":38,"column":8},"end":{"line":38,"column":68}},{"start":{},"end":{}}],"line":38},"4":{"loc":{"start":{"line":42,"column":6},"end":{"line":42,"column":54}},"type":"if","locations":[{"start":{"line":42,"column":6},"end":{"line":42,"column":54}},{"start":{},"end":{}}],"line":42},"5":{"loc":{"start":{"line":43,"column":6},"end":{"line":43,"column":66}},"type":"if","locations":[{"start":{"line":43,"column":6},"end":{"line":43,"column":66}},{"start":{},"end":{}}],"line":43}},"s":{"0":3,"1":3,"2":3,"3":3,"4":3,"5":0,"6":0,"7":3,"8":3,"9":3,"10":3,"11":3,"12":3,"13":2,"14":2,"15":0,"16":0,"17":0,"18":2,"19":0,"20":2,"21":0,"22":2,"23":1,"24":1},"f":{"0":3,"1":3},"b":{"0":[3,1],"1":[0,3],"2":[0,2],"3":[0,0],"4":[0,2],"5":[0,2]},"_coverageSchema":"1a1c01bbd47fc00a2c39e90264f33305004495a9","hash":"7dc1b4b3cefa40a627df7f55c25860734f8a09e4"}
,"C:\\Users\\retro\\COMS 3\\SD\\L\\PULL FROM MAIN\\FacilityManagement\\public\\js\\staff_admin_viewIssues.js": {"path":"C:\\Users\\retro\\COMS 3\\SD\\L\\PULL FROM MAIN\\FacilityManagement\\public\\js\\staff_admin_viewIssues.js","statementMap":{"0":{"start":{"line":8,"column":18},"end":{"line":8,"column":37}},"1":{"start":{"line":9,"column":19},"end":{"line":9,"column":45}},"2":{"start":{"line":10,"column":20},"end":{"line":10,"column":42}},"3":{"start":{"line":12,"column":2},"end":{"line":12,"column":34}},"4":{"start":{"line":12,"column":27},"end":{"line":12,"column":34}},"5":{"start":{"line":14,"column":16},"end":{"line":14,"column":32}},"6":{"start":{"line":16,"column":2},"end":{"line":16,"column":29}},"7":{"start":{"line":17,"column":2},"end":{"line":17,"column":71}},"8":{"start":{"line":18,"column":2},"end":{"line":18,"column":49}},"9":{"start":{"line":19,"column":2},"end":{"line":19,"column":45}},"10":{"start":{"line":21,"column":2},"end":{"line":21,"column":23}},"11":{"start":{"line":26,"column":2},"end":{"line":56,"column":3}},"12":{"start":{"line":27,"column":21},"end":{"line":27,"column":94}},"13":{"start":{"line":28,"column":17},"end":{"line":28,"column":38}},"14":{"start":{"line":30,"column":4},"end":{"line":30,"column":66}},"15":{"start":{"line":30,"column":23},"end":{"line":30,"column":66}},"16":{"start":{"line":32,"column":4},"end":{"line":32,"column":29}},"17":{"start":{"line":34,"column":4},"end":{"line":52,"column":7}},"18":{"start":{"line":35,"column":17},"end":{"line":35,"column":45}},"19":{"start":{"line":37,"column":22},"end":{"line":37,"column":54}},"20":{"start":{"line":38,"column":6},"end":{"line":38,"column":35}},"21":{"start":{"line":39,"column":6},"end":{"line":39,"column":30}},"22":{"start":{"line":40,"column":6},"end":{"line":40,"column":36}},"23":{"start":{"line":41,"column":6},"end":{"line":41,"column":36}},"24":{"start":{"line":42,"column":6},"end":{"line":42,"column":59}},"25":{"start":{"line":44,"column":6},"end":{"line":49,"column":8}},"26":{"start":{"line":50,"column":6},"end":{"line":50,"column":42}},"27":{"start":{"line":51,"column":6},"end":{"line":51,"column":32}},"28":{"start":{"line":54,"column":4},"end":{"line":54,"column":48}},"29":{"start":{"line":55,"column":4},"end":{"line":55,"column":36}}},"fnMap":{"0":{"name":"handleView","decl":{"start":{"line":7,"column":22},"end":{"line":7,"column":32}},"loc":{"start":{"line":7,"column":108},"end":{"line":22,"column":1}},"line":7},"1":{"name":"loadIssues","decl":{"start":{"line":25,"column":22},"end":{"line":25,"column":32}},"loc":{"start":{"line":25,"column":63},"end":{"line":57,"column":1}},"line":25},"2":{"name":"(anonymous_2)","decl":{"start":{"line":34,"column":24},"end":{"line":34,"column":25}},"loc":{"start":{"line":34,"column":33},"end":{"line":52,"column":5}},"line":34}},"branchMap":{"0":{"loc":{"start":{"line":12,"column":2},"end":{"line":12,"column":34}},"type":"if","locations":[{"start":{"line":12,"column":2},"end":{"line":12,"column":34}},{"start":{},"end":{}}],"line":12},"1":{"loc":{"start":{"line":17,"column":32},"end":{"line":17,"column":70}},"type":"binary-expr","locations":[{"start":{"line":17,"column":32},"end":{"line":17,"column":49}},{"start":{"line":17,"column":53},"end":{"line":17,"column":70}}],"line":17},"2":{"loc":{"start":{"line":18,"column":23},"end":{"line":18,"column":48}},"type":"binary-expr","locations":[{"start":{"line":18,"column":23},"end":{"line":18,"column":35}},{"start":{"line":18,"column":39},"end":{"line":18,"column":48}}],"line":18},"3":{"loc":{"start":{"line":19,"column":24},"end":{"line":19,"column":44}},"type":"binary-expr","locations":[{"start":{"line":19,"column":24},"end":{"line":19,"column":38}},{"start":{"line":19,"column":42},"end":{"line":19,"column":44}}],"line":19},"4":{"loc":{"start":{"line":30,"column":4},"end":{"line":30,"column":66}},"type":"if","locations":[{"start":{"line":30,"column":4},"end":{"line":30,"column":66}},{"start":{},"end":{}}],"line":30},"5":{"loc":{"start":{"line":45,"column":14},"end":{"line":45,"column":41}},"type":"binary-expr","locations":[{"start":{"line":45,"column":14},"end":{"line":45,"column":28}},{"start":{"line":45,"column":32},"end":{"line":45,"column":41}}],"line":45}},"s":{"0":1,"1":1,"2":1,"3":1,"4":0,"5":1,"6":1,"7":1,"8":1,"9":1,"10":1,"11":1,"12":1,"13":1,"14":1,"15":0,"16":1,"17":1,"18":1,"19":1,"20":1,"21":1,"22":1,"23":1,"24":1,"25":1,"26":1,"27":1,"28":0,"29":0},"f":{"0":1,"1":1,"2":1},"b":{"0":[0,1],"1":[1,0],"2":[1,0],"3":[1,0],"4":[0,1],"5":[1,0]},"_coverageSchema":"1a1c01bbd47fc00a2c39e90264f33305004495a9","hash":"7a0eb5567e1046b95dd148e110e1b46b8c7a678a"}
,"C:\\Users\\retro\\COMS 3\\SD\\L\\PULL FROM MAIN\\FacilityManagement\\public\\js\\submitBooking.js": {"path":"C:\\Users\\retro\\COMS 3\\SD\\L\\PULL FROM MAIN\\FacilityManagement\\public\\js\\submitBooking.js","statementMap":{"0":{"start":{"line":3,"column":2},"end":{"line":23,"column":3}},"1":{"start":{"line":4,"column":16},"end":{"line":11,"column":6}},"2":{"start":{"line":13,"column":17},"end":{"line":13,"column":33}},"3":{"start":{"line":15,"column":4},"end":{"line":17,"column":5}},"4":{"start":{"line":16,"column":6},"end":{"line":16,"column":65}},"5":{"start":{"line":19,"column":4},"end":{"line":19,"column":35}},"6":{"start":{"line":21,"column":4},"end":{"line":21,"column":53}},"7":{"start":{"line":22,"column":4},"end":{"line":22,"column":50}}},"fnMap":{"0":{"name":"submitBooking","decl":{"start":{"line":2,"column":22},"end":{"line":2,"column":35}},"loc":{"start":{"line":2,"column":58},"end":{"line":24,"column":1}},"line":2}},"branchMap":{"0":{"loc":{"start":{"line":15,"column":4},"end":{"line":17,"column":5}},"type":"if","locations":[{"start":{"line":15,"column":4},"end":{"line":17,"column":5}},{"start":{},"end":{}}],"line":15},"1":{"loc":{"start":{"line":16,"column":22},"end":{"line":16,"column":63}},"type":"binary-expr","locations":[{"start":{"line":16,"column":22},"end":{"line":16,"column":32}},{"start":{"line":16,"column":36},"end":{"line":16,"column":63}}],"line":16}},"s":{"0":3,"1":3,"2":2,"3":2,"4":1,"5":1,"6":2,"7":2},"f":{"0":3},"b":{"0":[1,1],"1":[1,0]},"_coverageSchema":"1a1c01bbd47fc00a2c39e90264f33305004495a9","hash":"85ee5113400567a3c4633ecd5aa4ec88b6b8a5b4"}
,"C:\\Users\\retro\\COMS 3\\SD\\L\\PULL FROM MAIN\\FacilityManagement\\public\\js\\tot_users.js": {"path":"C:\\Users\\retro\\COMS 3\\SD\\L\\PULL FROM MAIN\\FacilityManagement\\public\\js\\tot_users.js","statementMap":{"0":{"start":{"line":3,"column":15},"end":{"line":3,"column":16}},"1":{"start":{"line":5,"column":2},"end":{"line":18,"column":3}},"2":{"start":{"line":6,"column":21},"end":{"line":6,"column":93}},"3":{"start":{"line":8,"column":4},"end":{"line":11,"column":5}},"4":{"start":{"line":10,"column":6},"end":{"line":10,"column":20}},"5":{"start":{"line":13,"column":17},"end":{"line":13,"column":38}},"6":{"start":{"line":14,"column":4},"end":{"line":14,"column":28}},"7":{"start":{"line":16,"column":4},"end":{"line":16,"column":41}},"8":{"start":{"line":17,"column":4},"end":{"line":17,"column":18}}},"fnMap":{"0":{"name":"getTotalUsers","decl":{"start":{"line":4,"column":15},"end":{"line":4,"column":28}},"loc":{"start":{"line":4,"column":31},"end":{"line":19,"column":1}},"line":4}},"branchMap":{"0":{"loc":{"start":{"line":8,"column":4},"end":{"line":11,"column":5}},"type":"if","locations":[{"start":{"line":8,"column":4},"end":{"line":11,"column":5}},{"start":{},"end":{}}],"line":8}},"s":{"0":1,"1":3,"2":3,"3":2,"4":1,"5":2,"6":1,"7":2,"8":2},"f":{"0":3},"b":{"0":[1,1]},"_coverageSchema":"1a1c01bbd47fc00a2c39e90264f33305004495a9","hash":"f55e7d707f5be3fbd3c2531c85353d784494182a"}
,"C:\\Users\\retro\\COMS 3\\SD\\L\\PULL FROM MAIN\\FacilityManagement\\public\\js\\viewCalendar.js": {"path":"C:\\Users\\retro\\COMS 3\\SD\\L\\PULL FROM MAIN\\FacilityManagement\\public\\js\\viewCalendar.js","statementMap":{"0":{"start":{"line":3,"column":2},"end":{"line":11,"column":6}},"1":{"start":{"line":3,"column":32},"end":{"line":11,"column":3}},"2":{"start":{"line":15,"column":2},"end":{"line":28,"column":3}},"3":{"start":{"line":16,"column":21},"end":{"line":16,"column":101}},"4":{"start":{"line":17,"column":4},"end":{"line":19,"column":5}},"5":{"start":{"line":18,"column":6},"end":{"line":18,"column":64}},"6":{"start":{"line":21,"column":17},"end":{"line":21,"column":38}},"7":{"start":{"line":22,"column":29},"end":{"line":22,"column":76}},"8":{"start":{"line":22,"column":49},"end":{"line":22,"column":75}},"9":{"start":{"line":23,"column":19},"end":{"line":23,"column":52}},"10":{"start":{"line":24,"column":4},"end":{"line":24,"column":28}},"11":{"start":{"line":26,"column":4},"end":{"line":26,"column":60}},"12":{"start":{"line":27,"column":4},"end":{"line":27,"column":27}},"13":{"start":{"line":33,"column":19},"end":{"line":64,"column":4}},"14":{"start":{"line":49,"column":20},"end":{"line":49,"column":30}},"15":{"start":{"line":50,"column":20},"end":{"line":50,"column":31}},"16":{"start":{"line":51,"column":23},"end":{"line":51,"column":51}},"17":{"start":{"line":52,"column":26},"end":{"line":52,"column":57}},"18":{"start":{"line":53,"column":20},"end":{"line":53,"column":58}},"19":{"start":{"line":54,"column":18},"end":{"line":54,"column":54}},"20":{"start":{"line":56,"column":6},"end":{"line":62,"column":8}},"21":{"start":{"line":67,"column":2},"end":{"line":67,"column":19}},"22":{"start":{"line":71,"column":0},"end":{"line":74,"column":2}},"23":{"start":{"line":72,"column":23},"end":{"line":72,"column":58}},"24":{"start":{"line":73,"column":4},"end":{"line":73,"column":30}}},"fnMap":{"0":{"name":"mapDataToEvents","decl":{"start":{"line":2,"column":9},"end":{"line":2,"column":24}},"loc":{"start":{"line":2,"column":36},"end":{"line":12,"column":1}},"line":2},"1":{"name":"(anonymous_1)","decl":{"start":{"line":3,"column":23},"end":{"line":3,"column":24}},"loc":{"start":{"line":3,"column":32},"end":{"line":11,"column":3}},"line":3},"2":{"name":"fetchEvents","decl":{"start":{"line":14,"column":15},"end":{"line":14,"column":26}},"loc":{"start":{"line":14,"column":72},"end":{"line":29,"column":1}},"line":14},"3":{"name":"(anonymous_3)","decl":{"start":{"line":22,"column":41},"end":{"line":22,"column":42}},"loc":{"start":{"line":22,"column":49},"end":{"line":22,"column":75}},"line":22},"4":{"name":"setupCalendar","decl":{"start":{"line":32,"column":9},"end":{"line":32,"column":22}},"loc":{"start":{"line":32,"column":34},"end":{"line":68,"column":1}},"line":32},"5":{"name":"(anonymous_5)","decl":{"start":{"line":48,"column":16},"end":{"line":48,"column":17}},"loc":{"start":{"line":48,"column":31},"end":{"line":63,"column":5}},"line":48},"6":{"name":"(anonymous_6)","decl":{"start":{"line":71,"column":46},"end":{"line":71,"column":47}},"loc":{"start":{"line":71,"column":57},"end":{"line":74,"column":1}},"line":71}},"branchMap":{"0":{"loc":{"start":{"line":17,"column":4},"end":{"line":19,"column":5}},"type":"if","locations":[{"start":{"line":17,"column":4},"end":{"line":19,"column":5}},{"start":{},"end":{}}],"line":17},"1":{"loc":{"start":{"line":61,"column":27},"end":{"line":61,"column":48}},"type":"binary-expr","locations":[{"start":{"line":61,"column":27},"end":{"line":61,"column":38}},{"start":{"line":61,"column":42},"end":{"line":61,"column":48}}],"line":61}},"s":{"0":2,"1":2,"2":2,"3":2,"4":1,"5":0,"6":1,"7":1,"8":2,"9":1,"10":1,"11":1,"12":1,"13":0,"14":0,"15":0,"16":0,"17":0,"18":0,"19":0,"20":0,"21":0,"22":1,"23":0,"24":0},"f":{"0":2,"1":2,"2":2,"3":2,"4":0,"5":0,"6":0},"b":{"0":[0,1],"1":[0,0]},"_coverageSchema":"1a1c01bbd47fc00a2c39e90264f33305004495a9","hash":"682a452061c9792b896ca82db02ab0e638e087a2"}
,"C:\\Users\\retro\\COMS 3\\SD\\L\\PULL FROM MAIN\\FacilityManagement\\public\\js\\viewMyIssuesLogic.js": {"path":"C:\\Users\\retro\\COMS 3\\SD\\L\\PULL FROM MAIN\\FacilityManagement\\public\\js\\viewMyIssuesLogic.js","statementMap":{"0":{"start":{"line":4,"column":2},"end":{"line":38,"column":3}},"1":{"start":{"line":5,"column":18},"end":{"line":5,"column":41}},"2":{"start":{"line":7,"column":16},"end":{"line":11,"column":6}},"3":{"start":{"line":13,"column":23},"end":{"line":13,"column":39}},"4":{"start":{"line":15,"column":4},"end":{"line":35,"column":7}},"5":{"start":{"line":16,"column":18},"end":{"line":16,"column":46}},"6":{"start":{"line":18,"column":22},"end":{"line":18,"column":54}},"7":{"start":{"line":19,"column":6},"end":{"line":19,"column":35}},"8":{"start":{"line":20,"column":6},"end":{"line":20,"column":30}},"9":{"start":{"line":21,"column":6},"end":{"line":21,"column":38}},"10":{"start":{"line":22,"column":6},"end":{"line":26,"column":9}},"11":{"start":{"line":23,"column":8},"end":{"line":23,"column":77}},"12":{"start":{"line":24,"column":8},"end":{"line":24,"column":72}},"13":{"start":{"line":25,"column":8},"end":{"line":25,"column":33}},"14":{"start":{"line":28,"column":6},"end":{"line":31,"column":34}},"15":{"start":{"line":32,"column":6},"end":{"line":32,"column":43}},"16":{"start":{"line":34,"column":6},"end":{"line":34,"column":33}},"17":{"start":{"line":37,"column":4},"end":{"line":37,"column":48}}},"fnMap":{"0":{"name":"fetchIssues","decl":{"start":{"line":3,"column":22},"end":{"line":3,"column":33}},"loc":{"start":{"line":3,"column":93},"end":{"line":39,"column":1}},"line":3},"1":{"name":"(anonymous_1)","decl":{"start":{"line":15,"column":19},"end":{"line":15,"column":20}},"loc":{"start":{"line":15,"column":28},"end":{"line":35,"column":5}},"line":15},"2":{"name":"(anonymous_2)","decl":{"start":{"line":22,"column":40},"end":{"line":22,"column":41}},"loc":{"start":{"line":22,"column":46},"end":{"line":26,"column":7}},"line":22}},"branchMap":{"0":{"loc":{"start":{"line":23,"column":38},"end":{"line":23,"column":76}},"type":"binary-expr","locations":[{"start":{"line":23,"column":38},"end":{"line":23,"column":55}},{"start":{"line":23,"column":59},"end":{"line":23,"column":76}}],"line":23},"1":{"loc":{"start":{"line":24,"column":35},"end":{"line":24,"column":71}},"type":"binary-expr","locations":[{"start":{"line":24,"column":35},"end":{"line":24,"column":49}},{"start":{"line":24,"column":53},"end":{"line":24,"column":71}}],"line":24}},"s":{"0":2,"1":2,"2":2,"3":2,"4":2,"5":2,"6":2,"7":2,"8":2,"9":2,"10":2,"11":2,"12":2,"13":2,"14":2,"15":2,"16":2,"17":0},"f":{"0":2,"1":2,"2":2},"b":{"0":[2,1],"1":[2,2]},"_coverageSchema":"1a1c01bbd47fc00a2c39e90264f33305004495a9","hash":"0184a195c5907e59aa4b09f1d9120863b71edbcc"}
,"C:\\Users\\retro\\COMS 3\\SD\\L\\PULL FROM MAIN\\FacilityManagement\\public\\js\\weather.js": {"path":"C:\\Users\\retro\\COMS 3\\SD\\L\\PULL FROM MAIN\\FacilityManagement\\public\\js\\weather.js","statementMap":{"0":{"start":{"line":2,"column":2},"end":{"line":38,"column":3}},"1":{"start":{"line":4,"column":16},"end":{"line":4,"column":86}},"2":{"start":{"line":5,"column":16},"end":{"line":5,"column":32}},"3":{"start":{"line":7,"column":20},"end":{"line":7,"column":63}},"4":{"start":{"line":8,"column":4},"end":{"line":8,"column":27}},"5":{"start":{"line":10,"column":20},"end":{"line":10,"column":53}},"6":{"start":{"line":12,"column":19},"end":{"line":12,"column":51}},"7":{"start":{"line":13,"column":20},"end":{"line":13,"column":48}},"8":{"start":{"line":14,"column":4},"end":{"line":14,"column":35}},"9":{"start":{"line":15,"column":4},"end":{"line":15,"column":32}},"10":{"start":{"line":17,"column":19},"end":{"line":17,"column":51}},"11":{"start":{"line":18,"column":16},"end":{"line":18,"column":45}},"12":{"start":{"line":19,"column":4},"end":{"line":19,"column":23}},"13":{"start":{"line":20,"column":4},"end":{"line":20,"column":30}},"14":{"start":{"line":22,"column":23},"end":{"line":22,"column":59}},"15":{"start":{"line":23,"column":4},"end":{"line":23,"column":69}},"16":{"start":{"line":25,"column":4},"end":{"line":25,"column":28}},"17":{"start":{"line":26,"column":4},"end":{"line":26,"column":35}},"18":{"start":{"line":28,"column":26},"end":{"line":28,"column":53}},"19":{"start":{"line":29,"column":4},"end":{"line":29,"column":78}},"20":{"start":{"line":31,"column":4},"end":{"line":31,"column":32}},"21":{"start":{"line":32,"column":4},"end":{"line":32,"column":32}},"22":{"start":{"line":33,"column":4},"end":{"line":33,"column":39}},"23":{"start":{"line":35,"column":4},"end":{"line":35,"column":33}},"24":{"start":{"line":37,"column":4},"end":{"line":37,"column":52}}},"fnMap":{"0":{"name":"loadWeather","decl":{"start":{"line":1,"column":22},"end":{"line":1,"column":33}},"loc":{"start":{"line":1,"column":36},"end":{"line":39,"column":1}},"line":1}},"branchMap":{},"s":{"0":1,"1":1,"2":1,"3":1,"4":1,"5":1,"6":1,"7":1,"8":1,"9":1,"10":1,"11":1,"12":1,"13":1,"14":1,"15":1,"16":1,"17":1,"18":1,"19":1,"20":1,"21":1,"22":1,"23":1,"24":0},"f":{"0":1},"b":{},"_coverageSchema":"1a1c01bbd47fc00a2c39e90264f33305004495a9","hash":"69e797885b179329bab9bf9484082f8205bc1c6b"}
}
