{"C:\\Users\\janmo\\OneDrive - University of Witwatersrand\\Documents\\YOS 03\\SOFTWARE DESIGN\\Projects\\Project 1\\sports\\FacilityManagement\\public\\js\\admin.js": {"path":"C:\\Users\\janmo\\OneDrive - University of Witwatersrand\\Documents\\YOS 03\\SOFTWARE DESIGN\\Projects\\Project 1\\sports\\FacilityManagement\\public\\js\\admin.js","statementMap":{"0":{"start":{"line":3,"column":16},"end":{"line":3,"column":51}},"1":{"start":{"line":5,"column":0},"end":{"line":11,"column":3}},"2":{"start":{"line":7,"column":4},"end":{"line":7,"column":23}},"3":{"start":{"line":8,"column":4},"end":{"line":8,"column":45}},"4":{"start":{"line":13,"column":0},"end":{"line":15,"column":5}},"5":{"start":{"line":14,"column":4},"end":{"line":14,"column":55}},"6":{"start":{"line":16,"column":2},"end":{"line":18,"column":5}},"7":{"start":{"line":17,"column":4},"end":{"line":17,"column":56}},"8":{"start":{"line":26,"column":21},"end":{"line":26,"column":56}},"9":{"start":{"line":27,"column":14},"end":{"line":27,"column":49}},"10":{"start":{"line":28,"column":18},"end":{"line":28,"column":59}},"11":{"start":{"line":29,"column":20},"end":{"line":29,"column":58}},"12":{"start":{"line":32,"column":0},"end":{"line":34,"column":5}},"13":{"start":{"line":33,"column":4},"end":{"line":33,"column":25}},"14":{"start":{"line":38,"column":0},"end":{"line":40,"column":5}},"15":{"start":{"line":39,"column":4},"end":{"line":39,"column":24}},"16":{"start":{"line":45,"column":0},"end":{"line":95,"column":3}},"17":{"start":{"line":46,"column":2},"end":{"line":46,"column":21}},"18":{"start":{"line":48,"column":16},"end":{"line":48,"column":68}},"19":{"start":{"line":49,"column":22},"end":{"line":49,"column":80}},"20":{"start":{"line":50,"column":19},"end":{"line":50,"column":73}},"21":{"start":{"line":52,"column":15},"end":{"line":52,"column":66}},"22":{"start":{"line":53,"column":20},"end":{"line":53,"column":69}},"23":{"start":{"line":54,"column":18},"end":{"line":54,"column":65}},"24":{"start":{"line":55,"column":14},"end":{"line":55,"column":21}},"25":{"start":{"line":59,"column":16},"end":{"line":59,"column":62}},"26":{"start":{"line":60,"column":14},"end":{"line":60,"column":58}},"27":{"start":{"line":63,"column":15},"end":{"line":63,"column":31}},"28":{"start":{"line":64,"column":2},"end":{"line":67,"column":3}},"29":{"start":{"line":65,"column":4},"end":{"line":65,"column":34}},"30":{"start":{"line":66,"column":4},"end":{"line":66,"column":11}},"31":{"start":{"line":70,"column":2},"end":{"line":94,"column":1}},"32":{"start":{"line":71,"column":20},"end":{"line":71,"column":43}},"33":{"start":{"line":72,"column":0},"end":{"line":72,"column":1}},"34":{"start":{"line":73,"column":16},"end":{"line":80,"column":6}},"35":{"start":{"line":82,"column":17},"end":{"line":82,"column":33}},"36":{"start":{"line":84,"column":4},"end":{"line":90,"column":5}},"37":{"start":{"line":85,"column":6},"end":{"line":85,"column":45}},"38":{"start":{"line":86,"column":6},"end":{"line":86,"column":26}},"39":{"start":{"line":87,"column":6},"end":{"line":87,"column":26}},"40":{"start":{"line":89,"column":6},"end":{"line":89,"column":36}},"41":{"start":{"line":92,"column":4},"end":{"line":92,"column":44}},"42":{"start":{"line":93,"column":4},"end":{"line":93,"column":53}}},"fnMap":{"0":{"name":"(anonymous_0)","decl":{"start":{"line":5,"column":35},"end":{"line":5,"column":36}},"loc":{"start":{"line":5,"column":45},"end":{"line":11,"column":1}},"line":5},"1":{"name":"(anonymous_1)","decl":{"start":{"line":13,"column":63},"end":{"line":13,"column":64}},"loc":{"start":{"line":13,"column":69},"end":{"line":15,"column":3}},"line":13},"2":{"name":"(anonymous_2)","decl":{"start":{"line":16,"column":67},"end":{"line":16,"column":68}},"loc":{"start":{"line":16,"column":73},"end":{"line":18,"column":3}},"line":16},"3":{"name":"(anonymous_3)","decl":{"start":{"line":32,"column":35},"end":{"line":32,"column":36}},"loc":{"start":{"line":32,"column":41},"end":{"line":34,"column":3}},"line":32},"4":{"name":"(anonymous_4)","decl":{"start":{"line":38,"column":41},"end":{"line":38,"column":42}},"loc":{"start":{"line":38,"column":47},"end":{"line":40,"column":3}},"line":38},"5":{"name":"(anonymous_5)","decl":{"start":{"line":45,"column":39},"end":{"line":45,"column":40}},"loc":{"start":{"line":45,"column":52},"end":{"line":95,"column":1}},"line":45}},"branchMap":{"0":{"loc":{"start":{"line":64,"column":2},"end":{"line":67,"column":3}},"type":"if","locations":[{"start":{"line":64,"column":2},"end":{"line":67,"column":3}},{"start":{},"end":{}}],"line":64},"1":{"loc":{"start":{"line":84,"column":4},"end":{"line":90,"column":5}},"type":"if","locations":[{"start":{"line":84,"column":4},"end":{"line":90,"column":5}},{"start":{"line":88,"column":11},"end":{"line":90,"column":5}}],"line":84}},"s":{"0":0,"1":0,"2":0,"3":0,"4":0,"5":0,"6":0,"7":0,"8":0,"9":0,"10":0,"11":0,"12":0,"13":0,"14":0,"15":0,"16":0,"17":0,"18":0,"19":0,"20":0,"21":0,"22":0,"23":0,"24":0,"25":0,"26":0,"27":0,"28":0,"29":0,"30":0,"31":0,"32":0,"33":0,"34":0,"35":0,"36":0,"37":0,"38":0,"39":0,"40":0,"41":0,"42":0},"f":{"0":0,"1":0,"2":0,"3":0,"4":0,"5":0},"b":{"0":[0,0],"1":[0,0]}}
,"C:\\Users\\janmo\\OneDrive - University of Witwatersrand\\Documents\\YOS 03\\SOFTWARE DESIGN\\Projects\\Project 1\\sports\\FacilityManagement\\public\\js\\approveBooking.js": {"path":"C:\\Users\\janmo\\OneDrive - University of Witwatersrand\\Documents\\YOS 03\\SOFTWARE DESIGN\\Projects\\Project 1\\sports\\FacilityManagement\\public\\js\\approveBooking.js","statementMap":{"0":{"start":{"line":3,"column":4},"end":{"line":27,"column":5}},"1":{"start":{"line":5,"column":6},"end":{"line":7,"column":7}},"2":{"start":{"line":6,"column":8},"end":{"line":6,"column":75}},"3":{"start":{"line":9,"column":25},"end":{"line":9,"column":62}},"4":{"start":{"line":12,"column":25},"end":{"line":12,"column":47}},"5":{"start":{"line":13,"column":6},"end":{"line":15,"column":7}},"6":{"start":{"line":14,"column":8},"end":{"line":14,"column":69}},"7":{"start":{"line":18,"column":6},"end":{"line":18,"column":50}},"8":{"start":{"line":20,"column":6},"end":{"line":23,"column":8}},"9":{"start":{"line":25,"column":6},"end":{"line":25,"column":27}},"10":{"start":{"line":26,"column":6},"end":{"line":26,"column":62}},"11":{"start":{"line":30,"column":2},"end":{"line":30,"column":34}}},"fnMap":{"0":{"name":"approveBooking","decl":{"start":{"line":2,"column":15},"end":{"line":2,"column":29}},"loc":{"start":{"line":2,"column":50},"end":{"line":28,"column":3}},"line":2}},"branchMap":{"0":{"loc":{"start":{"line":5,"column":6},"end":{"line":7,"column":7}},"type":"if","locations":[{"start":{"line":5,"column":6},"end":{"line":7,"column":7}},{"start":{},"end":{}}],"line":5},"1":{"loc":{"start":{"line":5,"column":10},"end":{"line":5,"column":74}},"type":"binary-expr","locations":[{"start":{"line":5,"column":10},"end":{"line":5,"column":17}},{"start":{"line":5,"column":21},"end":{"line":5,"column":28}},{"start":{"line":5,"column":32},"end":{"line":5,"column":74}}],"line":5},"2":{"loc":{"start":{"line":13,"column":6},"end":{"line":15,"column":7}},"type":"if","locations":[{"start":{"line":13,"column":6},"end":{"line":15,"column":7}},{"start":{},"end":{}}],"line":13}},"s":{"0":0,"1":0,"2":0,"3":0,"4":0,"5":0,"6":0,"7":0,"8":0,"9":0,"10":0,"11":0},"f":{"0":0},"b":{"0":[0,0],"1":[0,0,0],"2":[0,0]}}
,"C:\\Users\\janmo\\OneDrive - University of Witwatersrand\\Documents\\YOS 03\\SOFTWARE DESIGN\\Projects\\Project 1\\sports\\FacilityManagement\\public\\js\\googlesignIn.js": {"path":"C:\\Users\\janmo\\OneDrive - University of Witwatersrand\\Documents\\YOS 03\\SOFTWARE DESIGN\\Projects\\Project 1\\sports\\FacilityManagement\\public\\js\\googlesignIn.js","statementMap":{"0":{"start":{"line":7,"column":28},"end":{"line":12,"column":1}},"1":{"start":{"line":8,"column":19},"end":{"line":8,"column":43}},"2":{"start":{"line":9,"column":17},"end":{"line":9,"column":54}},"3":{"start":{"line":10,"column":15},"end":{"line":10,"column":26}},"4":{"start":{"line":11,"column":2},"end":{"line":11,"column":32}}},"fnMap":{"0":{"name":"(anonymous_0)","decl":{"start":{"line":7,"column":28},"end":{"line":7,"column":29}},"loc":{"start":{"line":7,"column":40},"end":{"line":12,"column":1}},"line":7}},"branchMap":{},"s":{"0":0,"1":0,"2":0,"3":0,"4":0},"f":{"0":0},"b":{}}
,"C:\\Users\\janmo\\OneDrive - University of Witwatersrand\\Documents\\YOS 03\\SOFTWARE DESIGN\\Projects\\Project 1\\sports\\FacilityManagement\\public\\js\\list_users.js": {"path":"C:\\Users\\janmo\\OneDrive - University of Witwatersrand\\Documents\\YOS 03\\SOFTWARE DESIGN\\Projects\\Project 1\\sports\\FacilityManagement\\public\\js\\list_users.js","statementMap":{"0":{"start":{"line":2,"column":15},"end":{"line":9,"column":2}},"1":{"start":{"line":11,"column":12},"end":{"line":11,"column":33}},"2":{"start":{"line":15,"column":15},"end":{"line":15,"column":17}},"3":{"start":{"line":18,"column":0},"end":{"line":20,"column":1}},"4":{"start":{"line":19,"column":2},"end":{"line":19,"column":18}},"5":{"start":{"line":25,"column":19},"end":{"line":25,"column":91}},"6":{"start":{"line":26,"column":15},"end":{"line":26,"column":36}},"7":{"start":{"line":27,"column":3},"end":{"line":27,"column":19}},"8":{"start":{"line":28,"column":18},"end":{"line":28,"column":58}},"9":{"start":{"line":29,"column":4},"end":{"line":29,"column":25}},"10":{"start":{"line":31,"column":4},"end":{"line":57,"column":7}},"11":{"start":{"line":33,"column":6},"end":{"line":55,"column":7}},"12":{"start":{"line":34,"column":26},"end":{"line":34,"column":54}},"13":{"start":{"line":36,"column":6},"end":{"line":53,"column":8}},"14":{"start":{"line":54,"column":6},"end":{"line":54,"column":29}},"15":{"start":{"line":59,"column":4},"end":{"line":59,"column":22}},"16":{"start":{"line":63,"column":4},"end":{"line":65,"column":6}},"17":{"start":{"line":64,"column":8},"end":{"line":64,"column":47}},"18":{"start":{"line":69,"column":4},"end":{"line":73,"column":7}},"19":{"start":{"line":71,"column":8},"end":{"line":71,"column":46}},"20":{"start":{"line":75,"column":2},"end":{"line":75,"column":14}},"21":{"start":{"line":82,"column":24},"end":{"line":82,"column":42}},"22":{"start":{"line":83,"column":19},"end":{"line":83,"column":55}},"23":{"start":{"line":84,"column":20},"end":{"line":84,"column":38}},"24":{"start":{"line":87,"column":4},"end":{"line":89,"column":5}},"25":{"start":{"line":88,"column":6},"end":{"line":88,"column":13}},"26":{"start":{"line":92,"column":4},"end":{"line":96,"column":5}},"27":{"start":{"line":93,"column":6},"end":{"line":93,"column":24}},"28":{"start":{"line":95,"column":6},"end":{"line":95,"column":13}},"29":{"start":{"line":97,"column":4},"end":{"line":125,"column":5}},"30":{"start":{"line":99,"column":23},"end":{"line":106,"column":10}},"31":{"start":{"line":109,"column":23},"end":{"line":109,"column":44}},"32":{"start":{"line":110,"column":8},"end":{"line":121,"column":9}},"33":{"start":{"line":111,"column":10},"end":{"line":111,"column":71}},"34":{"start":{"line":113,"column":21},"end":{"line":113,"column":52}},"35":{"start":{"line":113,"column":38},"end":{"line":113,"column":51}},"36":{"start":{"line":114,"column":10},"end":{"line":118,"column":11}},"37":{"start":{"line":115,"column":12},"end":{"line":115,"column":30}},"38":{"start":{"line":117,"column":12},"end":{"line":117,"column":24}},"39":{"start":{"line":120,"column":10},"end":{"line":120,"column":60}},"40":{"start":{"line":123,"column":8},"end":{"line":123,"column":29}},"41":{"start":{"line":130,"column":17},"end":{"line":130,"column":53}},"42":{"start":{"line":132,"column":4},"end":{"line":136,"column":5}},"43":{"start":{"line":133,"column":6},"end":{"line":133,"column":24}},"44":{"start":{"line":135,"column":6},"end":{"line":135,"column":13}},"45":{"start":{"line":137,"column":4},"end":{"line":157,"column":5}},"46":{"start":{"line":139,"column":23},"end":{"line":141,"column":10}},"47":{"start":{"line":142,"column":21},"end":{"line":142,"column":42}},"48":{"start":{"line":143,"column":8},"end":{"line":152,"column":9}},"49":{"start":{"line":147,"column":12},"end":{"line":147,"column":64}},"50":{"start":{"line":148,"column":12},"end":{"line":148,"column":24}},"51":{"start":{"line":151,"column":12},"end":{"line":151,"column":52}},"52":{"start":{"line":155,"column":8},"end":{"line":155,"column":29}}},"fnMap":{"0":{"name":"loadUsers","decl":{"start":{"line":23,"column":15},"end":{"line":23,"column":24}},"loc":{"start":{"line":23,"column":27},"end":{"line":60,"column":3}},"line":23},"1":{"name":"(anonymous_1)","decl":{"start":{"line":31,"column":21},"end":{"line":31,"column":22}},"loc":{"start":{"line":31,"column":30},"end":{"line":57,"column":5}},"line":31},"2":{"name":"attachListeners","decl":{"start":{"line":62,"column":11},"end":{"line":62,"column":26}},"loc":{"start":{"line":62,"column":29},"end":{"line":74,"column":3}},"line":62},"3":{"name":"(anonymous_3)","decl":{"start":{"line":63,"column":52},"end":{"line":63,"column":53}},"loc":{"start":{"line":63,"column":57},"end":{"line":65,"column":5}},"line":63},"4":{"name":"(anonymous_4)","decl":{"start":{"line":69,"column":55},"end":{"line":69,"column":56}},"loc":{"start":{"line":69,"column":59},"end":{"line":73,"column":5}},"line":69},"5":{"name":"talkToit","decl":{"start":{"line":80,"column":17},"end":{"line":80,"column":25}},"loc":{"start":{"line":80,"column":33},"end":{"line":127,"column":3}},"line":80},"6":{"name":"(anonymous_6)","decl":{"start":{"line":113,"column":35},"end":{"line":113,"column":36}},"loc":{"start":{"line":113,"column":38},"end":{"line":113,"column":51}},"line":113},"7":{"name":"deleteIT","decl":{"start":{"line":129,"column":16},"end":{"line":129,"column":24}},"loc":{"start":{"line":129,"column":32},"end":{"line":158,"column":2}},"line":129}},"branchMap":{"0":{"loc":{"start":{"line":18,"column":0},"end":{"line":20,"column":1}},"type":"if","locations":[{"start":{"line":18,"column":0},"end":{"line":20,"column":1}},{"start":{},"end":{}}],"line":18},"1":{"loc":{"start":{"line":33,"column":6},"end":{"line":55,"column":7}},"type":"if","locations":[{"start":{"line":33,"column":6},"end":{"line":55,"column":7}},{"start":{},"end":{}}],"line":33},"2":{"loc":{"start":{"line":33,"column":9},"end":{"line":33,"column":51}},"type":"binary-expr","locations":[{"start":{"line":33,"column":9},"end":{"line":33,"column":28}},{"start":{"line":33,"column":32},"end":{"line":33,"column":51}}],"line":33},"3":{"loc":{"start":{"line":37,"column":14},"end":{"line":37,"column":34}},"type":"binary-expr","locations":[{"start":{"line":37,"column":14},"end":{"line":37,"column":25}},{"start":{"line":37,"column":29},"end":{"line":37,"column":34}}],"line":37},"4":{"loc":{"start":{"line":38,"column":14},"end":{"line":38,"column":34}},"type":"binary-expr","locations":[{"start":{"line":38,"column":14},"end":{"line":38,"column":24}},{"start":{"line":38,"column":28},"end":{"line":38,"column":34}}],"line":38},"5":{"loc":{"start":{"line":87,"column":4},"end":{"line":89,"column":5}},"type":"if","locations":[{"start":{"line":87,"column":4},"end":{"line":89,"column":5}},{"start":{},"end":{}}],"line":87},"6":{"loc":{"start":{"line":92,"column":4},"end":{"line":96,"column":5}},"type":"if","locations":[{"start":{"line":92,"column":4},"end":{"line":96,"column":5}},{"start":{},"end":{}}],"line":92},"7":{"loc":{"start":{"line":110,"column":8},"end":{"line":121,"column":9}},"type":"if","locations":[{"start":{"line":110,"column":8},"end":{"line":121,"column":9}},{"start":{"line":119,"column":15},"end":{"line":121,"column":9}}],"line":110},"8":{"loc":{"start":{"line":114,"column":10},"end":{"line":118,"column":11}},"type":"if","locations":[{"start":{"line":114,"column":10},"end":{"line":118,"column":11}},{"start":{},"end":{}}],"line":114},"9":{"loc":{"start":{"line":120,"column":24},"end":{"line":120,"column":58}},"type":"binary-expr","locations":[{"start":{"line":120,"column":24},"end":{"line":120,"column":36}},{"start":{"line":120,"column":40},"end":{"line":120,"column":58}}],"line":120},"10":{"loc":{"start":{"line":132,"column":4},"end":{"line":136,"column":5}},"type":"if","locations":[{"start":{"line":132,"column":4},"end":{"line":136,"column":5}},{"start":{},"end":{}}],"line":132},"11":{"loc":{"start":{"line":143,"column":8},"end":{"line":152,"column":9}},"type":"if","locations":[{"start":{"line":143,"column":8},"end":{"line":152,"column":9}},{"start":{"line":150,"column":12},"end":{"line":152,"column":9}}],"line":143}},"s":{"0":0,"1":0,"2":0,"3":0,"4":0,"5":0,"6":0,"7":0,"8":0,"9":0,"10":0,"11":0,"12":0,"13":0,"14":0,"15":0,"16":0,"17":0,"18":0,"19":0,"20":0,"21":0,"22":0,"23":0,"24":0,"25":0,"26":0,"27":0,"28":0,"29":0,"30":0,"31":0,"32":0,"33":0,"34":0,"35":0,"36":0,"37":0,"38":0,"39":0,"40":0,"41":0,"42":0,"43":0,"44":0,"45":0,"46":0,"47":0,"48":0,"49":0,"50":0,"51":0,"52":0},"f":{"0":0,"1":0,"2":0,"3":0,"4":0,"5":0,"6":0,"7":0},"b":{"0":[0,0],"1":[0,0],"2":[0,0],"3":[0,0],"4":[0,0],"5":[0,0],"6":[0,0],"7":[0,0],"8":[0,0],"9":[0,0],"10":[0,0],"11":[0,0]}}
,"C:\\Users\\janmo\\OneDrive - University of Witwatersrand\\Documents\\YOS 03\\SOFTWARE DESIGN\\Projects\\Project 1\\sports\\FacilityManagement\\public\\js\\login.js": {"path":"C:\\Users\\janmo\\OneDrive - University of Witwatersrand\\Documents\\YOS 03\\SOFTWARE DESIGN\\Projects\\Project 1\\sports\\FacilityManagement\\public\\js\\login.js","statementMap":{"0":{"start":{"line":6,"column":23},"end":{"line":6,"column":64}},"1":{"start":{"line":7,"column":16},"end":{"line":7,"column":50}},"2":{"start":{"line":8,"column":13},"end":{"line":8,"column":47}},"3":{"start":{"line":9,"column":7},"end":{"line":9,"column":11}},"4":{"start":{"line":15,"column":0},"end":{"line":56,"column":3}},"5":{"start":{"line":16,"column":19},"end":{"line":16,"column":43}},"6":{"start":{"line":17,"column":2},"end":{"line":55,"column":3}},"7":{"start":{"line":18,"column":19},"end":{"line":18,"column":56}},"8":{"start":{"line":19,"column":18},"end":{"line":19,"column":48}},"9":{"start":{"line":22,"column":24},"end":{"line":28,"column":6}},"10":{"start":{"line":30,"column":17},"end":{"line":30,"column":38}},"11":{"start":{"line":31,"column":4},"end":{"line":31,"column":22}},"12":{"start":{"line":32,"column":4},"end":{"line":51,"column":5}},"13":{"start":{"line":33,"column":6},"end":{"line":33,"column":76}},"14":{"start":{"line":34,"column":6},"end":{"line":46,"column":15}},"15":{"start":{"line":35,"column":18},"end":{"line":35,"column":41}},"16":{"start":{"line":36,"column":8},"end":{"line":44,"column":9}},"17":{"start":{"line":37,"column":10},"end":{"line":37,"column":54}},"18":{"start":{"line":39,"column":13},"end":{"line":44,"column":9}},"19":{"start":{"line":40,"column":10},"end":{"line":40,"column":51}},"20":{"start":{"line":42,"column":13},"end":{"line":44,"column":9}},"21":{"start":{"line":43,"column":10},"end":{"line":43,"column":50}},"22":{"start":{"line":48,"column":6},"end":{"line":48,"column":51}},"23":{"start":{"line":49,"column":6},"end":{"line":49,"column":34}},"24":{"start":{"line":50,"column":6},"end":{"line":50,"column":35}},"25":{"start":{"line":53,"column":4},"end":{"line":53,"column":66}},"26":{"start":{"line":54,"column":4},"end":{"line":54,"column":32}},"27":{"start":{"line":58,"column":0},"end":{"line":60,"column":2}},"28":{"start":{"line":59,"column":2},"end":{"line":59,"column":39}}},"fnMap":{"0":{"name":"(anonymous_0)","decl":{"start":{"line":15,"column":41},"end":{"line":15,"column":42}},"loc":{"start":{"line":15,"column":53},"end":{"line":56,"column":1}},"line":15},"1":{"name":"(anonymous_1)","decl":{"start":{"line":34,"column":17},"end":{"line":34,"column":18}},"loc":{"start":{"line":34,"column":23},"end":{"line":46,"column":7}},"line":34},"2":{"name":"(anonymous_2)","decl":{"start":{"line":58,"column":32},"end":{"line":58,"column":33}},"loc":{"start":{"line":58,"column":39},"end":{"line":60,"column":1}},"line":58}},"branchMap":{"0":{"loc":{"start":{"line":32,"column":4},"end":{"line":51,"column":5}},"type":"if","locations":[{"start":{"line":32,"column":4},"end":{"line":51,"column":5}},{"start":{"line":47,"column":11},"end":{"line":51,"column":5}}],"line":32},"1":{"loc":{"start":{"line":36,"column":8},"end":{"line":44,"column":9}},"type":"if","locations":[{"start":{"line":36,"column":8},"end":{"line":44,"column":9}},{"start":{"line":39,"column":13},"end":{"line":44,"column":9}}],"line":36},"2":{"loc":{"start":{"line":39,"column":13},"end":{"line":44,"column":9}},"type":"if","locations":[{"start":{"line":39,"column":13},"end":{"line":44,"column":9}},{"start":{"line":42,"column":13},"end":{"line":44,"column":9}}],"line":39},"3":{"loc":{"start":{"line":42,"column":13},"end":{"line":44,"column":9}},"type":"if","locations":[{"start":{"line":42,"column":13},"end":{"line":44,"column":9}},{"start":{},"end":{}}],"line":42}},"s":{"0":0,"1":0,"2":0,"3":0,"4":0,"5":0,"6":0,"7":0,"8":0,"9":0,"10":0,"11":0,"12":0,"13":0,"14":0,"15":0,"16":0,"17":0,"18":0,"19":0,"20":0,"21":0,"22":0,"23":0,"24":0,"25":0,"26":0,"27":0,"28":0},"f":{"0":0,"1":0,"2":0},"b":{"0":[0,0],"1":[0,0],"2":[0,0],"3":[0,0]}}
,"C:\\Users\\janmo\\OneDrive - University of Witwatersrand\\Documents\\YOS 03\\SOFTWARE DESIGN\\Projects\\Project 1\\sports\\FacilityManagement\\public\\js\\register.js": {"path":"C:\\Users\\janmo\\OneDrive - University of Witwatersrand\\Documents\\YOS 03\\SOFTWARE DESIGN\\Projects\\Project 1\\sports\\FacilityManagement\\public\\js\\register.js","statementMap":{"0":{"start":{"line":4,"column":0},"end":{"line":4,"column":86}}},"fnMap":{},"branchMap":{},"s":{"0":0},"f":{},"b":{}}
,"C:\\Users\\janmo\\OneDrive - University of Witwatersrand\\Documents\\YOS 03\\SOFTWARE DESIGN\\Projects\\Project 1\\sports\\FacilityManagement\\public\\js\\resident.js": {"path":"C:\\Users\\janmo\\OneDrive - University of Witwatersrand\\Documents\\YOS 03\\SOFTWARE DESIGN\\Projects\\Project 1\\sports\\FacilityManagement\\public\\js\\resident.js","statementMap":{"0":{"start":{"line":1,"column":16},"end":{"line":1,"column":52}},"1":{"start":{"line":2,"column":24},"end":{"line":2,"column":66}},"2":{"start":{"line":3,"column":24},"end":{"line":3,"column":57}},"3":{"start":{"line":6,"column":0},"end":{"line":9,"column":3}},"4":{"start":{"line":7,"column":4},"end":{"line":7,"column":23}},"5":{"start":{"line":8,"column":4},"end":{"line":8,"column":58}},"6":{"start":{"line":11,"column":0},"end":{"line":15,"column":3}},"7":{"start":{"line":12,"column":4},"end":{"line":12,"column":23}},"8":{"start":{"line":13,"column":4},"end":{"line":13,"column":56}},"9":{"start":{"line":17,"column":18},"end":{"line":17,"column":56}},"10":{"start":{"line":18,"column":0},"end":{"line":21,"column":3}},"11":{"start":{"line":19,"column":4},"end":{"line":19,"column":23}},"12":{"start":{"line":20,"column":4},"end":{"line":20,"column":57}},"13":{"start":{"line":23,"column":16},"end":{"line":23,"column":50}},"14":{"start":{"line":25,"column":0},"end":{"line":28,"column":3}},"15":{"start":{"line":26,"column":4},"end":{"line":26,"column":23}},"16":{"start":{"line":27,"column":4},"end":{"line":27,"column":57}},"17":{"start":{"line":33,"column":0},"end":{"line":33,"column":39}},"18":{"start":{"line":36,"column":0},"end":{"line":38,"column":5}},"19":{"start":{"line":37,"column":4},"end":{"line":37,"column":46}}},"fnMap":{"0":{"name":"(anonymous_0)","decl":{"start":{"line":6,"column":35},"end":{"line":6,"column":36}},"loc":{"start":{"line":6,"column":45},"end":{"line":9,"column":1}},"line":6},"1":{"name":"(anonymous_1)","decl":{"start":{"line":11,"column":41},"end":{"line":11,"column":42}},"loc":{"start":{"line":11,"column":51},"end":{"line":15,"column":1}},"line":11},"2":{"name":"(anonymous_2)","decl":{"start":{"line":18,"column":37},"end":{"line":18,"column":38}},"loc":{"start":{"line":18,"column":47},"end":{"line":21,"column":1}},"line":18},"3":{"name":"(anonymous_3)","decl":{"start":{"line":25,"column":37},"end":{"line":25,"column":38}},"loc":{"start":{"line":25,"column":47},"end":{"line":28,"column":1}},"line":25},"4":{"name":"(anonymous_4)","decl":{"start":{"line":36,"column":49},"end":{"line":36,"column":50}},"loc":{"start":{"line":36,"column":55},"end":{"line":38,"column":3}},"line":36}},"branchMap":{},"s":{"0":0,"1":0,"2":0,"3":0,"4":0,"5":0,"6":0,"7":0,"8":0,"9":0,"10":0,"11":0,"12":0,"13":0,"14":0,"15":0,"16":0,"17":0,"18":0,"19":0},"f":{"0":0,"1":0,"2":0,"3":0,"4":0},"b":{}}
,"C:\\Users\\janmo\\OneDrive - University of Witwatersrand\\Documents\\YOS 03\\SOFTWARE DESIGN\\Projects\\Project 1\\sports\\FacilityManagement\\public\\js\\resident_new_booking.js": {"path":"C:\\Users\\janmo\\OneDrive - University of Witwatersrand\\Documents\\YOS 03\\SOFTWARE DESIGN\\Projects\\Project 1\\sports\\FacilityManagement\\public\\js\\resident_new_booking.js","statementMap":{"0":{"start":{"line":9,"column":22},"end":{"line":9,"column":62}},"1":{"start":{"line":10,"column":24},"end":{"line":10,"column":66}},"2":{"start":{"line":11,"column":24},"end":{"line":11,"column":66}},"3":{"start":{"line":12,"column":17},"end":{"line":12,"column":52}},"4":{"start":{"line":13,"column":18},"end":{"line":13,"column":54}},"5":{"start":{"line":14,"column":25},"end":{"line":14,"column":68}},"6":{"start":{"line":15,"column":21},"end":{"line":15,"column":60}},"7":{"start":{"line":16,"column":22},"end":{"line":16,"column":62}},"8":{"start":{"line":17,"column":26},"end":{"line":17,"column":72}},"9":{"start":{"line":18,"column":23},"end":{"line":18,"column":64}},"10":{"start":{"line":19,"column":19},"end":{"line":19,"column":56}},"11":{"start":{"line":20,"column":26},"end":{"line":20,"column":70}},"12":{"start":{"line":24,"column":0},"end":{"line":24,"column":28}},"13":{"start":{"line":25,"column":0},"end":{"line":25,"column":23}},"14":{"start":{"line":26,"column":0},"end":{"line":26,"column":24}},"15":{"start":{"line":27,"column":0},"end":{"line":27,"column":32}},"16":{"start":{"line":30,"column":0},"end":{"line":32,"column":3}},"17":{"start":{"line":31,"column":2},"end":{"line":31,"column":26}},"18":{"start":{"line":35,"column":0},"end":{"line":37,"column":3}},"19":{"start":{"line":36,"column":2},"end":{"line":36,"column":25}},"20":{"start":{"line":40,"column":0},"end":{"line":44,"column":3}},"21":{"start":{"line":41,"column":2},"end":{"line":41,"column":27}},"22":{"start":{"line":42,"column":2},"end":{"line":42,"column":31}},"23":{"start":{"line":43,"column":2},"end":{"line":43,"column":18}},"24":{"start":{"line":47,"column":0},"end":{"line":50,"column":3}},"25":{"start":{"line":48,"column":2},"end":{"line":48,"column":26}},"26":{"start":{"line":49,"column":2},"end":{"line":49,"column":30}},"27":{"start":{"line":54,"column":2},"end":{"line":54,"column":35}},"28":{"start":{"line":56,"column":15},"end":{"line":56,"column":31}},"29":{"start":{"line":57,"column":2},"end":{"line":87,"column":3}},"30":{"start":{"line":58,"column":24},"end":{"line":58,"column":34}},"31":{"start":{"line":59,"column":24},"end":{"line":59,"column":50}},"32":{"start":{"line":60,"column":14},"end":{"line":60,"column":73}},"33":{"start":{"line":62,"column":26},"end":{"line":62,"column":42}},"34":{"start":{"line":63,"column":4},"end":{"line":84,"column":5}},"35":{"start":{"line":64,"column":6},"end":{"line":64,"column":34}},"36":{"start":{"line":65,"column":6},"end":{"line":65,"column":39}},"37":{"start":{"line":67,"column":6},"end":{"line":67,"column":38}},"38":{"start":{"line":68,"column":6},"end":{"line":68,"column":35}},"39":{"start":{"line":69,"column":6},"end":{"line":83,"column":9}},"40":{"start":{"line":70,"column":24},"end":{"line":70,"column":34}},"41":{"start":{"line":71,"column":26},"end":{"line":71,"column":48}},"42":{"start":{"line":72,"column":24},"end":{"line":72,"column":44}},"43":{"start":{"line":74,"column":20},"end":{"line":74,"column":48}},"44":{"start":{"line":75,"column":8},"end":{"line":81,"column":10}},"45":{"start":{"line":82,"column":8},"end":{"line":82,"column":43}},"46":{"start":{"line":86,"column":4},"end":{"line":86,"column":53}},"47":{"start":{"line":92,"column":20},"end":{"line":92,"column":58}},"48":{"start":{"line":95,"column":0},"end":{"line":148,"column":3}},"49":{"start":{"line":96,"column":2},"end":{"line":96,"column":21}},"50":{"start":{"line":98,"column":16},"end":{"line":98,"column":68}},"51":{"start":{"line":99,"column":19},"end":{"line":99,"column":73}},"52":{"start":{"line":100,"column":22},"end":{"line":100,"column":80}},"53":{"start":{"line":101,"column":15},"end":{"line":101,"column":59}},"54":{"start":{"line":102,"column":20},"end":{"line":102,"column":62}},"55":{"start":{"line":103,"column":18},"end":{"line":103,"column":58}},"56":{"start":{"line":105,"column":2},"end":{"line":108,"column":3}},"57":{"start":{"line":106,"column":4},"end":{"line":106,"column":60}},"58":{"start":{"line":107,"column":4},"end":{"line":107,"column":11}},"59":{"start":{"line":110,"column":16},"end":{"line":110,"column":62}},"60":{"start":{"line":111,"column":14},"end":{"line":111,"column":58}},"61":{"start":{"line":113,"column":15},"end":{"line":113,"column":31}},"62":{"start":{"line":114,"column":2},"end":{"line":117,"column":3}},"63":{"start":{"line":115,"column":4},"end":{"line":115,"column":44}},"64":{"start":{"line":116,"column":4},"end":{"line":116,"column":11}},"65":{"start":{"line":119,"column":2},"end":{"line":147,"column":3}},"66":{"start":{"line":120,"column":20},"end":{"line":120,"column":43}},"67":{"start":{"line":122,"column":16},"end":{"line":122,"column":26}},"68":{"start":{"line":126,"column":16},"end":{"line":133,"column":6}},"69":{"start":{"line":135,"column":17},"end":{"line":135,"column":33}},"70":{"start":{"line":137,"column":4},"end":{"line":143,"column":5}},"71":{"start":{"line":138,"column":6},"end":{"line":138,"column":43}},"72":{"start":{"line":139,"column":6},"end":{"line":139,"column":26}},"73":{"start":{"line":140,"column":6},"end":{"line":140,"column":29}},"74":{"start":{"line":142,"column":6},"end":{"line":142,"column":36}},"75":{"start":{"line":145,"column":4},"end":{"line":145,"column":52}},"76":{"start":{"line":146,"column":4},"end":{"line":146,"column":53}}},"fnMap":{"0":{"name":"(anonymous_0)","decl":{"start":{"line":30,"column":40},"end":{"line":30,"column":41}},"loc":{"start":{"line":30,"column":46},"end":{"line":32,"column":1}},"line":30},"1":{"name":"(anonymous_1)","decl":{"start":{"line":35,"column":43},"end":{"line":35,"column":44}},"loc":{"start":{"line":35,"column":49},"end":{"line":37,"column":1}},"line":35},"2":{"name":"(anonymous_2)","decl":{"start":{"line":40,"column":42},"end":{"line":40,"column":43}},"loc":{"start":{"line":40,"column":48},"end":{"line":44,"column":1}},"line":40},"3":{"name":"(anonymous_3)","decl":{"start":{"line":47,"column":39},"end":{"line":47,"column":40}},"loc":{"start":{"line":47,"column":45},"end":{"line":50,"column":1}},"line":47},"4":{"name":"fetchBookings","decl":{"start":{"line":53,"column":15},"end":{"line":53,"column":28}},"loc":{"start":{"line":53,"column":31},"end":{"line":88,"column":1}},"line":53},"5":{"name":"(anonymous_5)","decl":{"start":{"line":69,"column":28},"end":{"line":69,"column":29}},"loc":{"start":{"line":69,"column":37},"end":{"line":83,"column":7}},"line":69},"6":{"name":"(anonymous_6)","decl":{"start":{"line":95,"column":39},"end":{"line":95,"column":40}},"loc":{"start":{"line":95,"column":52},"end":{"line":148,"column":1}},"line":95}},"branchMap":{"0":{"loc":{"start":{"line":57,"column":2},"end":{"line":87,"column":3}},"type":"if","locations":[{"start":{"line":57,"column":2},"end":{"line":87,"column":3}},{"start":{"line":85,"column":9},"end":{"line":87,"column":3}}],"line":57},"1":{"loc":{"start":{"line":63,"column":4},"end":{"line":84,"column":5}},"type":"if","locations":[{"start":{"line":63,"column":4},"end":{"line":84,"column":5}},{"start":{"line":66,"column":11},"end":{"line":84,"column":5}}],"line":63},"2":{"loc":{"start":{"line":77,"column":16},"end":{"line":77,"column":39}},"type":"binary-expr","locations":[{"start":{"line":77,"column":16},"end":{"line":77,"column":32}},{"start":{"line":77,"column":36},"end":{"line":77,"column":39}}],"line":77},"3":{"loc":{"start":{"line":105,"column":2},"end":{"line":108,"column":3}},"type":"if","locations":[{"start":{"line":105,"column":2},"end":{"line":108,"column":3}},{"start":{},"end":{}}],"line":105},"4":{"loc":{"start":{"line":105,"column":6},"end":{"line":105,"column":37}},"type":"binary-expr","locations":[{"start":{"line":105,"column":6},"end":{"line":105,"column":11}},{"start":{"line":105,"column":15},"end":{"line":105,"column":25}},{"start":{"line":105,"column":29},"end":{"line":105,"column":37}}],"line":105},"5":{"loc":{"start":{"line":114,"column":2},"end":{"line":117,"column":3}},"type":"if","locations":[{"start":{"line":114,"column":2},"end":{"line":117,"column":3}},{"start":{},"end":{}}],"line":114},"6":{"loc":{"start":{"line":137,"column":4},"end":{"line":143,"column":5}},"type":"if","locations":[{"start":{"line":137,"column":4},"end":{"line":143,"column":5}},{"start":{"line":141,"column":11},"end":{"line":143,"column":5}}],"line":137}},"s":{"0":0,"1":0,"2":0,"3":0,"4":0,"5":0,"6":0,"7":0,"8":0,"9":0,"10":0,"11":0,"12":0,"13":0,"14":0,"15":0,"16":0,"17":0,"18":0,"19":0,"20":0,"21":0,"22":0,"23":0,"24":0,"25":0,"26":0,"27":0,"28":0,"29":0,"30":0,"31":0,"32":0,"33":0,"34":0,"35":0,"36":0,"37":0,"38":0,"39":0,"40":0,"41":0,"42":0,"43":0,"44":0,"45":0,"46":0,"47":0,"48":0,"49":0,"50":0,"51":0,"52":0,"53":0,"54":0,"55":0,"56":0,"57":0,"58":0,"59":0,"60":0,"61":0,"62":0,"63":0,"64":0,"65":0,"66":0,"67":0,"68":0,"69":0,"70":0,"71":0,"72":0,"73":0,"74":0,"75":0,"76":0},"f":{"0":0,"1":0,"2":0,"3":0,"4":0,"5":0,"6":0},"b":{"0":[0,0],"1":[0,0],"2":[0,0],"3":[0,0],"4":[0,0,0],"5":[0,0],"6":[0,0]}}
,"C:\\Users\\janmo\\OneDrive - University of Witwatersrand\\Documents\\YOS 03\\SOFTWARE DESIGN\\Projects\\Project 1\\sports\\FacilityManagement\\public\\js\\resident_report_issue.js": {"path":"C:\\Users\\janmo\\OneDrive - University of Witwatersrand\\Documents\\YOS 03\\SOFTWARE DESIGN\\Projects\\Project 1\\sports\\FacilityManagement\\public\\js\\resident_report_issue.js","statementMap":{"0":{"start":{"line":4,"column":20},"end":{"line":4,"column":58}},"1":{"start":{"line":5,"column":19},"end":{"line":5,"column":56}},"2":{"start":{"line":6,"column":18},"end":{"line":6,"column":54}},"3":{"start":{"line":7,"column":18},"end":{"line":7,"column":54}},"4":{"start":{"line":10,"column":0},"end":{"line":12,"column":3}},"5":{"start":{"line":11,"column":2},"end":{"line":11,"column":28}},"6":{"start":{"line":15,"column":0},"end":{"line":17,"column":3}},"7":{"start":{"line":16,"column":2},"end":{"line":16,"column":27}},"8":{"start":{"line":20,"column":0},"end":{"line":99,"column":3}},"9":{"start":{"line":21,"column":2},"end":{"line":21,"column":21}},"10":{"start":{"line":23,"column":16},"end":{"line":23,"column":66}},"11":{"start":{"line":24,"column":22},"end":{"line":24,"column":76}},"12":{"start":{"line":25,"column":19},"end":{"line":25,"column":73}},"13":{"start":{"line":27,"column":15},"end":{"line":27,"column":31}},"14":{"start":{"line":28,"column":2},"end":{"line":31,"column":3}},"15":{"start":{"line":29,"column":4},"end":{"line":29,"column":34}},"16":{"start":{"line":30,"column":4},"end":{"line":30,"column":11}},"17":{"start":{"line":33,"column":2},"end":{"line":98,"column":3}},"18":{"start":{"line":34,"column":20},"end":{"line":34,"column":43}},"19":{"start":{"line":36,"column":16},"end":{"line":43,"column":6}},"20":{"start":{"line":45,"column":17},"end":{"line":45,"column":33}},"21":{"start":{"line":48,"column":6},"end":{"line":85,"column":7}},"22":{"start":{"line":49,"column":22},"end":{"line":49,"column":45}},"23":{"start":{"line":51,"column":20},"end":{"line":55,"column":10}},"24":{"start":{"line":56,"column":21},"end":{"line":56,"column":37}},"25":{"start":{"line":57,"column":23},"end":{"line":57,"column":34}},"26":{"start":{"line":60,"column":8},"end":{"line":60,"column":28}},"27":{"start":{"line":61,"column":8},"end":{"line":81,"column":11}},"28":{"start":{"line":62,"column":22},"end":{"line":62,"column":50}},"29":{"start":{"line":64,"column":26},"end":{"line":64,"column":58}},"30":{"start":{"line":65,"column":10},"end":{"line":65,"column":39}},"31":{"start":{"line":66,"column":10},"end":{"line":66,"column":34}},"32":{"start":{"line":67,"column":10},"end":{"line":67,"column":42}},"33":{"start":{"line":68,"column":10},"end":{"line":72,"column":13}},"34":{"start":{"line":69,"column":12},"end":{"line":69,"column":81}},"35":{"start":{"line":70,"column":12},"end":{"line":70,"column":76}},"36":{"start":{"line":71,"column":12},"end":{"line":71,"column":37}},"37":{"start":{"line":74,"column":10},"end":{"line":77,"column":38}},"38":{"start":{"line":78,"column":10},"end":{"line":78,"column":47}},"39":{"start":{"line":80,"column":10},"end":{"line":80,"column":37}},"40":{"start":{"line":83,"column":8},"end":{"line":83,"column":42}},"41":{"start":{"line":84,"column":8},"end":{"line":84,"column":52}},"42":{"start":{"line":88,"column":4},"end":{"line":94,"column":5}},"43":{"start":{"line":89,"column":6},"end":{"line":89,"column":45}},"44":{"start":{"line":90,"column":6},"end":{"line":90,"column":24}},"45":{"start":{"line":91,"column":6},"end":{"line":91,"column":31}},"46":{"start":{"line":93,"column":6},"end":{"line":93,"column":36}},"47":{"start":{"line":96,"column":4},"end":{"line":96,"column":44}},"48":{"start":{"line":97,"column":4},"end":{"line":97,"column":53}}},"fnMap":{"0":{"name":"(anonymous_0)","decl":{"start":{"line":10,"column":38},"end":{"line":10,"column":39}},"loc":{"start":{"line":10,"column":44},"end":{"line":12,"column":1}},"line":10},"1":{"name":"(anonymous_1)","decl":{"start":{"line":15,"column":36},"end":{"line":15,"column":37}},"loc":{"start":{"line":15,"column":42},"end":{"line":17,"column":1}},"line":15},"2":{"name":"(anonymous_2)","decl":{"start":{"line":20,"column":37},"end":{"line":20,"column":38}},"loc":{"start":{"line":20,"column":50},"end":{"line":99,"column":1}},"line":20},"3":{"name":"loadIssues","decl":{"start":{"line":47,"column":19},"end":{"line":47,"column":29}},"loc":{"start":{"line":47,"column":36},"end":{"line":86,"column":5}},"line":47},"4":{"name":"(anonymous_4)","decl":{"start":{"line":61,"column":23},"end":{"line":61,"column":24}},"loc":{"start":{"line":61,"column":32},"end":{"line":81,"column":9}},"line":61},"5":{"name":"(anonymous_5)","decl":{"start":{"line":68,"column":44},"end":{"line":68,"column":45}},"loc":{"start":{"line":68,"column":50},"end":{"line":72,"column":11}},"line":68}},"branchMap":{"0":{"loc":{"start":{"line":28,"column":2},"end":{"line":31,"column":3}},"type":"if","locations":[{"start":{"line":28,"column":2},"end":{"line":31,"column":3}},{"start":{},"end":{}}],"line":28},"1":{"loc":{"start":{"line":69,"column":42},"end":{"line":69,"column":80}},"type":"binary-expr","locations":[{"start":{"line":69,"column":42},"end":{"line":69,"column":59}},{"start":{"line":69,"column":63},"end":{"line":69,"column":80}}],"line":69},"2":{"loc":{"start":{"line":70,"column":39},"end":{"line":70,"column":75}},"type":"binary-expr","locations":[{"start":{"line":70,"column":39},"end":{"line":70,"column":53}},{"start":{"line":70,"column":57},"end":{"line":70,"column":75}}],"line":70},"3":{"loc":{"start":{"line":88,"column":4},"end":{"line":94,"column":5}},"type":"if","locations":[{"start":{"line":88,"column":4},"end":{"line":94,"column":5}},{"start":{"line":92,"column":11},"end":{"line":94,"column":5}}],"line":88}},"s":{"0":0,"1":0,"2":0,"3":0,"4":0,"5":0,"6":0,"7":0,"8":0,"9":0,"10":0,"11":0,"12":0,"13":0,"14":0,"15":0,"16":0,"17":0,"18":0,"19":0,"20":0,"21":0,"22":0,"23":0,"24":0,"25":0,"26":0,"27":0,"28":0,"29":0,"30":0,"31":0,"32":0,"33":0,"34":0,"35":0,"36":0,"37":0,"38":0,"39":0,"40":0,"41":0,"42":0,"43":0,"44":0,"45":0,"46":0,"47":0,"48":0},"f":{"0":0,"1":0,"2":0,"3":0,"4":0,"5":0},"b":{"0":[0,0],"1":[0,0],"2":[0,0],"3":[0,0]}}
,"C:\\Users\\janmo\\OneDrive - University of Witwatersrand\\Documents\\YOS 03\\SOFTWARE DESIGN\\Projects\\Project 1\\sports\\FacilityManagement\\public\\js\\signInCore.js": {"path":"C:\\Users\\janmo\\OneDrive - University of Witwatersrand\\Documents\\YOS 03\\SOFTWARE DESIGN\\Projects\\Project 1\\sports\\FacilityManagement\\public\\js\\signInCore.js","statementMap":{"0":{"start":{"line":3,"column":18},"end":{"line":3,"column":28}},"1":{"start":{"line":4,"column":21},"end":{"line":4,"column":46}},"2":{"start":{"line":5,"column":17},"end":{"line":5,"column":27}},"3":{"start":{"line":7,"column":19},"end":{"line":7,"column":37}},"4":{"start":{"line":8,"column":4},"end":{"line":11,"column":5}},"5":{"start":{"line":9,"column":6},"end":{"line":9,"column":46}},"6":{"start":{"line":10,"column":6},"end":{"line":10,"column":16}},"7":{"start":{"line":13,"column":18},"end":{"line":13,"column":41}},"8":{"start":{"line":15,"column":21},"end":{"line":22,"column":6}},"9":{"start":{"line":24,"column":17},"end":{"line":24,"column":38}},"10":{"start":{"line":25,"column":4},"end":{"line":25,"column":47}},"11":{"start":{"line":29,"column":4},"end":{"line":49,"column":5}},"12":{"start":{"line":30,"column":23},"end":{"line":34,"column":8}},"13":{"start":{"line":36,"column":19},"end":{"line":36,"column":40}},"14":{"start":{"line":37,"column":6},"end":{"line":40,"column":7}},"15":{"start":{"line":38,"column":8},"end":{"line":38,"column":68}},"16":{"start":{"line":38,"column":49},"end":{"line":38,"column":68}},"17":{"start":{"line":39,"column":8},"end":{"line":39,"column":68}},"18":{"start":{"line":42,"column":6},"end":{"line":42,"column":54}},"19":{"start":{"line":42,"column":37},"end":{"line":42,"column":54}},"20":{"start":{"line":43,"column":6},"end":{"line":43,"column":66}},"21":{"start":{"line":43,"column":47},"end":{"line":43,"column":66}},"22":{"start":{"line":45,"column":6},"end":{"line":45,"column":25}},"23":{"start":{"line":47,"column":6},"end":{"line":47,"column":46}},"24":{"start":{"line":48,"column":6},"end":{"line":48,"column":21}}},"fnMap":{"0":{"name":"signInCore","decl":{"start":{"line":2,"column":22},"end":{"line":2,"column":32}},"loc":{"start":{"line":2,"column":39},"end":{"line":26,"column":3}},"line":2},"1":{"name":"check","decl":{"start":{"line":28,"column":17},"end":{"line":28,"column":22}},"loc":{"start":{"line":28,"column":30},"end":{"line":50,"column":3}},"line":28}},"branchMap":{"0":{"loc":{"start":{"line":4,"column":21},"end":{"line":4,"column":46}},"type":"binary-expr","locations":[{"start":{"line":4,"column":21},"end":{"line":4,"column":37}},{"start":{"line":4,"column":41},"end":{"line":4,"column":46}}],"line":4},"1":{"loc":{"start":{"line":8,"column":4},"end":{"line":11,"column":5}},"type":"if","locations":[{"start":{"line":8,"column":4},"end":{"line":11,"column":5}},{"start":{},"end":{}}],"line":8},"2":{"loc":{"start":{"line":37,"column":6},"end":{"line":40,"column":7}},"type":"if","locations":[{"start":{"line":37,"column":6},"end":{"line":40,"column":7}},{"start":{},"end":{}}],"line":37},"3":{"loc":{"start":{"line":38,"column":8},"end":{"line":38,"column":68}},"type":"if","locations":[{"start":{"line":38,"column":8},"end":{"line":38,"column":68}},{"start":{},"end":{}}],"line":38},"4":{"loc":{"start":{"line":42,"column":6},"end":{"line":42,"column":54}},"type":"if","locations":[{"start":{"line":42,"column":6},"end":{"line":42,"column":54}},{"start":{},"end":{}}],"line":42},"5":{"loc":{"start":{"line":43,"column":6},"end":{"line":43,"column":66}},"type":"if","locations":[{"start":{"line":43,"column":6},"end":{"line":43,"column":66}},{"start":{},"end":{}}],"line":43}},"s":{"0":0,"1":0,"2":0,"3":0,"4":0,"5":0,"6":0,"7":0,"8":0,"9":0,"10":0,"11":0,"12":0,"13":0,"14":0,"15":0,"16":0,"17":0,"18":0,"19":0,"20":0,"21":0,"22":0,"23":0,"24":0},"f":{"0":0,"1":0},"b":{"0":[0,0],"1":[0,0],"2":[0,0],"3":[0,0],"4":[0,0],"5":[0,0]}}
,"C:\\Users\\janmo\\OneDrive - University of Witwatersrand\\Documents\\YOS 03\\SOFTWARE DESIGN\\Projects\\Project 1\\sports\\FacilityManagement\\public\\js\\staff.js": {"path":"C:\\Users\\janmo\\OneDrive - University of Witwatersrand\\Documents\\YOS 03\\SOFTWARE DESIGN\\Projects\\Project 1\\sports\\FacilityManagement\\public\\js\\staff.js","statementMap":{"0":{"start":{"line":1,"column":0},"end":{"line":3,"column":5}},"1":{"start":{"line":2,"column":4},"end":{"line":2,"column":55}}},"fnMap":{"0":{"name":"(anonymous_0)","decl":{"start":{"line":1,"column":63},"end":{"line":1,"column":64}},"loc":{"start":{"line":1,"column":69},"end":{"line":3,"column":3}},"line":1}},"branchMap":{},"s":{"0":0,"1":0},"f":{"0":0},"b":{}}
,"C:\\Users\\janmo\\OneDrive - University of Witwatersrand\\Documents\\YOS 03\\SOFTWARE DESIGN\\Projects\\Project 1\\sports\\FacilityManagement\\public\\js\\staff_admin_booking.js": {"path":"C:\\Users\\janmo\\OneDrive - University of Witwatersrand\\Documents\\YOS 03\\SOFTWARE DESIGN\\Projects\\Project 1\\sports\\FacilityManagement\\public\\js\\staff_admin_booking.js","statementMap":{"0":{"start":{"line":3,"column":26},"end":{"line":3,"column":72}},"1":{"start":{"line":4,"column":21},"end":{"line":4,"column":60}},"2":{"start":{"line":5,"column":19},"end":{"line":5,"column":56}},"3":{"start":{"line":6,"column":25},"end":{"line":6,"column":68}},"4":{"start":{"line":7,"column":22},"end":{"line":7,"column":62}},"5":{"start":{"line":8,"column":19},"end":{"line":8,"column":56}},"6":{"start":{"line":9,"column":17},"end":{"line":9,"column":52}},"7":{"start":{"line":10,"column":21},"end":{"line":10,"column":60}},"8":{"start":{"line":11,"column":22},"end":{"line":11,"column":62}},"9":{"start":{"line":12,"column":18},"end":{"line":12,"column":54}},"10":{"start":{"line":13,"column":10},"end":{"line":13,"column":41}},"11":{"start":{"line":14,"column":24},"end":{"line":14,"column":26}},"12":{"start":{"line":18,"column":2},"end":{"line":18,"column":18}},"13":{"start":{"line":20,"column":16},"end":{"line":20,"column":88}},"14":{"start":{"line":22,"column":15},"end":{"line":22,"column":36}},"15":{"start":{"line":23,"column":15},"end":{"line":23,"column":42}},"16":{"start":{"line":23,"column":30},"end":{"line":23,"column":41}},"17":{"start":{"line":26,"column":2},"end":{"line":26,"column":23}},"18":{"start":{"line":29,"column":4},"end":{"line":29,"column":37}},"19":{"start":{"line":30,"column":4},"end":{"line":30,"column":31}},"20":{"start":{"line":31,"column":19},"end":{"line":31,"column":96}},"21":{"start":{"line":33,"column":17},"end":{"line":33,"column":38}},"22":{"start":{"line":34,"column":18},"end":{"line":34,"column":20}},"23":{"start":{"line":37,"column":4},"end":{"line":39,"column":5}},"24":{"start":{"line":38,"column":6},"end":{"line":38,"column":21}},"25":{"start":{"line":41,"column":4},"end":{"line":52,"column":5}},"26":{"start":{"line":42,"column":19},"end":{"line":42,"column":50}},"27":{"start":{"line":43,"column":18},"end":{"line":43,"column":46}},"28":{"start":{"line":44,"column":6},"end":{"line":50,"column":8}},"29":{"start":{"line":51,"column":6},"end":{"line":51,"column":41}},"30":{"start":{"line":56,"column":3},"end":{"line":56,"column":28}},"31":{"start":{"line":63,"column":2},"end":{"line":67,"column":4}},"32":{"start":{"line":64,"column":4},"end":{"line":64,"column":67}},"33":{"start":{"line":64,"column":45},"end":{"line":64,"column":65}},"34":{"start":{"line":65,"column":4},"end":{"line":65,"column":38}},"35":{"start":{"line":71,"column":4},"end":{"line":71,"column":32}},"36":{"start":{"line":72,"column":18},"end":{"line":72,"column":54}},"37":{"start":{"line":73,"column":28},"end":{"line":73,"column":79}},"38":{"start":{"line":73,"column":52},"end":{"line":73,"column":78}},"39":{"start":{"line":74,"column":4},"end":{"line":74,"column":49}},"40":{"start":{"line":75,"column":4},"end":{"line":75,"column":61}},"41":{"start":{"line":77,"column":4},"end":{"line":77,"column":49}},"42":{"start":{"line":78,"column":4},"end":{"line":78,"column":45}},"43":{"start":{"line":79,"column":4},"end":{"line":79,"column":55}},"44":{"start":{"line":80,"column":4},"end":{"line":80,"column":23}},"45":{"start":{"line":83,"column":21},"end":{"line":83,"column":53}},"46":{"start":{"line":84,"column":4},"end":{"line":84,"column":40}},"47":{"start":{"line":85,"column":4},"end":{"line":85,"column":46}},"48":{"start":{"line":86,"column":24},"end":{"line":86,"column":56}},"49":{"start":{"line":87,"column":2},"end":{"line":87,"column":27}},"50":{"start":{"line":88,"column":2},"end":{"line":88,"column":45}},"51":{"start":{"line":89,"column":2},"end":{"line":89,"column":38}},"52":{"start":{"line":93,"column":2},"end":{"line":104,"column":3}},"53":{"start":{"line":94,"column":19},"end":{"line":94,"column":51}},"54":{"start":{"line":95,"column":4},"end":{"line":100,"column":5}},"55":{"start":{"line":96,"column":8},"end":{"line":96,"column":31}},"56":{"start":{"line":98,"column":9},"end":{"line":100,"column":5}},"57":{"start":{"line":99,"column":6},"end":{"line":99,"column":29}},"58":{"start":{"line":102,"column":4},"end":{"line":102,"column":31}},"59":{"start":{"line":103,"column":4},"end":{"line":103,"column":33}},"60":{"start":{"line":105,"column":0},"end":{"line":107,"column":2}},"61":{"start":{"line":106,"column":2},"end":{"line":106,"column":28}},"62":{"start":{"line":109,"column":0},"end":{"line":109,"column":26}},"63":{"start":{"line":115,"column":0},"end":{"line":127,"column":4}},"64":{"start":{"line":116,"column":21},"end":{"line":116,"column":48}},"65":{"start":{"line":117,"column":22},"end":{"line":117,"column":36}},"66":{"start":{"line":118,"column":4},"end":{"line":118,"column":31}},"67":{"start":{"line":120,"column":4},"end":{"line":125,"column":5}},"68":{"start":{"line":121,"column":6},"end":{"line":121,"column":55}},"69":{"start":{"line":122,"column":6},"end":{"line":122,"column":33}},"70":{"start":{"line":124,"column":6},"end":{"line":124,"column":42}},"71":{"start":{"line":128,"column":2},"end":{"line":130,"column":4}},"72":{"start":{"line":129,"column":4},"end":{"line":129,"column":31}},"73":{"start":{"line":167,"column":14},"end":{"line":175,"column":4}},"74":{"start":{"line":177,"column":2},"end":{"line":185,"column":3}},"75":{"start":{"line":178,"column":4},"end":{"line":178,"column":48}},"76":{"start":{"line":179,"column":4},"end":{"line":179,"column":25}},"77":{"start":{"line":182,"column":4},"end":{"line":182,"column":36}},"78":{"start":{"line":183,"column":22},"end":{"line":183,"column":41}},"79":{"start":{"line":184,"column":2},"end":{"line":184,"column":37}},"80":{"start":{"line":187,"column":0},"end":{"line":187,"column":15}}},"fnMap":{"0":{"name":"getuser","decl":{"start":{"line":17,"column":15},"end":{"line":17,"column":22}},"loc":{"start":{"line":17,"column":27},"end":{"line":27,"column":1}},"line":17},"1":{"name":"(anonymous_1)","decl":{"start":{"line":23,"column":25},"end":{"line":23,"column":26}},"loc":{"start":{"line":23,"column":30},"end":{"line":23,"column":41}},"line":23},"2":{"name":"loadBookings","decl":{"start":{"line":28,"column":15},"end":{"line":28,"column":27}},"loc":{"start":{"line":28,"column":30},"end":{"line":59,"column":1}},"line":28},"3":{"name":"attachListeners","decl":{"start":{"line":62,"column":9},"end":{"line":62,"column":24}},"loc":{"start":{"line":62,"column":34},"end":{"line":69,"column":1}},"line":62},"4":{"name":"(anonymous_4)","decl":{"start":{"line":63,"column":48},"end":{"line":63,"column":49}},"loc":{"start":{"line":63,"column":53},"end":{"line":67,"column":3}},"line":63},"5":{"name":"(anonymous_5)","decl":{"start":{"line":64,"column":34},"end":{"line":64,"column":35}},"loc":{"start":{"line":64,"column":45},"end":{"line":64,"column":65}},"line":64},"6":{"name":"view","decl":{"start":{"line":70,"column":11},"end":{"line":70,"column":15}},"loc":{"start":{"line":70,"column":30},"end":{"line":112,"column":3}},"line":70},"7":{"name":"(anonymous_7)","decl":{"start":{"line":73,"column":41},"end":{"line":73,"column":42}},"loc":{"start":{"line":73,"column":52},"end":{"line":73,"column":78}},"line":73},"8":{"name":"(anonymous_8)","decl":{"start":{"line":93,"column":44},"end":{"line":93,"column":45}},"loc":{"start":{"line":93,"column":53},"end":{"line":104,"column":1}},"line":93},"9":{"name":"(anonymous_9)","decl":{"start":{"line":105,"column":35},"end":{"line":105,"column":36}},"loc":{"start":{"line":105,"column":39},"end":{"line":107,"column":1}},"line":105},"10":{"name":"(anonymous_10)","decl":{"start":{"line":115,"column":39},"end":{"line":115,"column":40}},"loc":{"start":{"line":115,"column":49},"end":{"line":127,"column":3}},"line":115},"11":{"name":"(anonymous_11)","decl":{"start":{"line":128,"column":37},"end":{"line":128,"column":38}},"loc":{"start":{"line":128,"column":41},"end":{"line":130,"column":3}},"line":128},"12":{"name":"updateStatus","decl":{"start":{"line":160,"column":15},"end":{"line":160,"column":27}},"loc":{"start":{"line":160,"column":45},"end":{"line":186,"column":1}},"line":160}},"branchMap":{"0":{"loc":{"start":{"line":37,"column":4},"end":{"line":39,"column":5}},"type":"if","locations":[{"start":{"line":37,"column":4},"end":{"line":39,"column":5}},{"start":{},"end":{}}],"line":37},"1":{"loc":{"start":{"line":45,"column":14},"end":{"line":45,"column":27}},"type":"binary-expr","locations":[{"start":{"line":45,"column":14},"end":{"line":45,"column":18}},{"start":{"line":45,"column":22},"end":{"line":45,"column":27}}],"line":45},"2":{"loc":{"start":{"line":46,"column":14},"end":{"line":46,"column":34}},"type":"binary-expr","locations":[{"start":{"line":46,"column":14},"end":{"line":46,"column":24}},{"start":{"line":46,"column":28},"end":{"line":46,"column":34}}],"line":46},"3":{"loc":{"start":{"line":95,"column":4},"end":{"line":100,"column":5}},"type":"if","locations":[{"start":{"line":95,"column":4},"end":{"line":100,"column":5}},{"start":{"line":98,"column":9},"end":{"line":100,"column":5}}],"line":95},"4":{"loc":{"start":{"line":98,"column":9},"end":{"line":100,"column":5}},"type":"if","locations":[{"start":{"line":98,"column":9},"end":{"line":100,"column":5}},{"start":{},"end":{}}],"line":98},"5":{"loc":{"start":{"line":120,"column":4},"end":{"line":125,"column":5}},"type":"if","locations":[{"start":{"line":120,"column":4},"end":{"line":125,"column":5}},{"start":{"line":123,"column":11},"end":{"line":125,"column":5}}],"line":120},"6":{"loc":{"start":{"line":177,"column":2},"end":{"line":185,"column":3}},"type":"if","locations":[{"start":{"line":177,"column":2},"end":{"line":185,"column":3}},{"start":{"line":181,"column":6},"end":{"line":185,"column":3}}],"line":177}},"s":{"0":0,"1":0,"2":0,"3":0,"4":0,"5":0,"6":0,"7":0,"8":0,"9":0,"10":0,"11":0,"12":0,"13":0,"14":0,"15":0,"16":0,"17":0,"18":0,"19":0,"20":0,"21":0,"22":0,"23":0,"24":0,"25":0,"26":0,"27":0,"28":0,"29":0,"30":0,"31":0,"32":0,"33":0,"34":0,"35":0,"36":0,"37":0,"38":0,"39":0,"40":0,"41":0,"42":0,"43":0,"44":0,"45":0,"46":0,"47":0,"48":0,"49":0,"50":0,"51":0,"52":0,"53":0,"54":0,"55":0,"56":0,"57":0,"58":0,"59":0,"60":0,"61":0,"62":0,"63":0,"64":0,"65":0,"66":0,"67":0,"68":0,"69":0,"70":0,"71":0,"72":0,"73":0,"74":0,"75":0,"76":0,"77":0,"78":0,"79":0,"80":0},"f":{"0":0,"1":0,"2":0,"3":0,"4":0,"5":0,"6":0,"7":0,"8":0,"9":0,"10":0,"11":0,"12":0},"b":{"0":[0,0],"1":[0,0],"2":[0,0],"3":[0,0],"4":[0,0],"5":[0,0],"6":[0,0]}}
,"C:\\Users\\janmo\\OneDrive - University of Witwatersrand\\Documents\\YOS 03\\SOFTWARE DESIGN\\Projects\\Project 1\\sports\\FacilityManagement\\public\\js\\staff_admin_issues.js": {"path":"C:\\Users\\janmo\\OneDrive - University of Witwatersrand\\Documents\\YOS 03\\SOFTWARE DESIGN\\Projects\\Project 1\\sports\\FacilityManagement\\public\\js\\staff_admin_issues.js","statementMap":{"0":{"start":{"line":8,"column":18},"end":{"line":8,"column":62}},"1":{"start":{"line":9,"column":14},"end":{"line":9,"column":51}},"2":{"start":{"line":10,"column":21},"end":{"line":10,"column":60}},"3":{"start":{"line":11,"column":22},"end":{"line":11,"column":57}},"4":{"start":{"line":12,"column":18},"end":{"line":12,"column":54}},"5":{"start":{"line":13,"column":19},"end":{"line":13,"column":56}},"6":{"start":{"line":14,"column":24},"end":{"line":14,"column":67}},"7":{"start":{"line":16,"column":21},"end":{"line":16,"column":25}},"8":{"start":{"line":20,"column":25},"end":{"line":20,"column":64}},"9":{"start":{"line":21,"column":2},"end":{"line":21,"column":27}},"10":{"start":{"line":23,"column":2},"end":{"line":40,"column":3}},"11":{"start":{"line":24,"column":22},"end":{"line":24,"column":37}},"12":{"start":{"line":25,"column":20},"end":{"line":25,"column":31}},"13":{"start":{"line":26,"column":24},"end":{"line":26,"column":45}},"14":{"start":{"line":29,"column":20},"end":{"line":29,"column":63}},"15":{"start":{"line":30,"column":21},"end":{"line":30,"column":75}},"16":{"start":{"line":33,"column":15},"end":{"line":33,"column":43}},"17":{"start":{"line":34,"column":4},"end":{"line":38,"column":6}},"18":{"start":{"line":39,"column":4},"end":{"line":39,"column":30}},"19":{"start":{"line":43,"column":2},"end":{"line":45,"column":4}},"20":{"start":{"line":44,"column":4},"end":{"line":44,"column":45}},"21":{"start":{"line":50,"column":18},"end":{"line":50,"column":37}},"22":{"start":{"line":51,"column":19},"end":{"line":51,"column":45}},"23":{"start":{"line":52,"column":20},"end":{"line":52,"column":42}},"24":{"start":{"line":54,"column":2},"end":{"line":54,"column":34}},"25":{"start":{"line":54,"column":27},"end":{"line":54,"column":34}},"26":{"start":{"line":56,"column":16},"end":{"line":56,"column":32}},"27":{"start":{"line":58,"column":2},"end":{"line":58,"column":27}},"28":{"start":{"line":59,"column":2},"end":{"line":59,"column":71}},"29":{"start":{"line":60,"column":2},"end":{"line":60,"column":49}},"30":{"start":{"line":61,"column":2},"end":{"line":61,"column":45}},"31":{"start":{"line":63,"column":2},"end":{"line":63,"column":23}},"32":{"start":{"line":67,"column":0},"end":{"line":79,"column":3}},"33":{"start":{"line":68,"column":2},"end":{"line":68,"column":21}},"34":{"start":{"line":69,"column":2},"end":{"line":69,"column":30}},"35":{"start":{"line":69,"column":23},"end":{"line":69,"column":30}},"36":{"start":{"line":71,"column":2},"end":{"line":74,"column":5}},"37":{"start":{"line":76,"column":2},"end":{"line":76,"column":22}},"38":{"start":{"line":77,"column":2},"end":{"line":77,"column":24}},"39":{"start":{"line":78,"column":2},"end":{"line":78,"column":15}},"40":{"start":{"line":82,"column":0},"end":{"line":85,"column":3}},"41":{"start":{"line":83,"column":2},"end":{"line":83,"column":22}},"42":{"start":{"line":84,"column":2},"end":{"line":84,"column":24}},"43":{"start":{"line":87,"column":0},"end":{"line":87,"column":13}}},"fnMap":{"0":{"name":"loadIssues","decl":{"start":{"line":19,"column":15},"end":{"line":19,"column":25}},"loc":{"start":{"line":19,"column":28},"end":{"line":46,"column":1}},"line":19},"1":{"name":"(anonymous_1)","decl":{"start":{"line":43,"column":48},"end":{"line":43,"column":49}},"loc":{"start":{"line":44,"column":4},"end":{"line":44,"column":45}},"line":44},"2":{"name":"handleView","decl":{"start":{"line":49,"column":15},"end":{"line":49,"column":25}},"loc":{"start":{"line":49,"column":29},"end":{"line":64,"column":1}},"line":49},"3":{"name":"(anonymous_3)","decl":{"start":{"line":67,"column":38},"end":{"line":67,"column":39}},"loc":{"start":{"line":67,"column":51},"end":{"line":79,"column":1}},"line":67},"4":{"name":"(anonymous_4)","decl":{"start":{"line":82,"column":36},"end":{"line":82,"column":37}},"loc":{"start":{"line":82,"column":42},"end":{"line":85,"column":1}},"line":82}},"branchMap":{"0":{"loc":{"start":{"line":30,"column":21},"end":{"line":30,"column":75}},"type":"cond-expr","locations":[{"start":{"line":30,"column":40},"end":{"line":30,"column":63}},{"start":{"line":30,"column":66},"end":{"line":30,"column":75}}],"line":30},"1":{"loc":{"start":{"line":54,"column":2},"end":{"line":54,"column":34}},"type":"if","locations":[{"start":{"line":54,"column":2},"end":{"line":54,"column":34}},{"start":{},"end":{}}],"line":54},"2":{"loc":{"start":{"line":59,"column":32},"end":{"line":59,"column":70}},"type":"binary-expr","locations":[{"start":{"line":59,"column":32},"end":{"line":59,"column":49}},{"start":{"line":59,"column":53},"end":{"line":59,"column":70}}],"line":59},"3":{"loc":{"start":{"line":60,"column":23},"end":{"line":60,"column":48}},"type":"binary-expr","locations":[{"start":{"line":60,"column":23},"end":{"line":60,"column":35}},{"start":{"line":60,"column":39},"end":{"line":60,"column":48}}],"line":60},"4":{"loc":{"start":{"line":61,"column":24},"end":{"line":61,"column":44}},"type":"binary-expr","locations":[{"start":{"line":61,"column":24},"end":{"line":61,"column":38}},{"start":{"line":61,"column":42},"end":{"line":61,"column":44}}],"line":61},"5":{"loc":{"start":{"line":69,"column":2},"end":{"line":69,"column":30}},"type":"if","locations":[{"start":{"line":69,"column":2},"end":{"line":69,"column":30}},{"start":{},"end":{}}],"line":69}},"s":{"0":0,"1":0,"2":0,"3":0,"4":0,"5":0,"6":0,"7":0,"8":0,"9":0,"10":0,"11":0,"12":0,"13":0,"14":0,"15":0,"16":0,"17":0,"18":0,"19":0,"20":0,"21":0,"22":0,"23":0,"24":0,"25":0,"26":0,"27":0,"28":0,"29":0,"30":0,"31":0,"32":0,"33":0,"34":0,"35":0,"36":0,"37":0,"38":0,"39":0,"40":0,"41":0,"42":0,"43":0},"f":{"0":0,"1":0,"2":0,"3":0,"4":0},"b":{"0":[0,0],"1":[0,0],"2":[0,0],"3":[0,0],"4":[0,0],"5":[0,0]}}
,"C:\\Users\\janmo\\OneDrive - University of Witwatersrand\\Documents\\YOS 03\\SOFTWARE DESIGN\\Projects\\Project 1\\sports\\FacilityManagement\\public\\js\\viewBookings.js": {"path":"C:\\Users\\janmo\\OneDrive - University of Witwatersrand\\Documents\\YOS 03\\SOFTWARE DESIGN\\Projects\\Project 1\\sports\\FacilityManagement\\public\\js\\viewBookings.js","statementMap":{},"fnMap":{},"branchMap":{},"s":{},"f":{},"b":{}}
,"C:\\Users\\janmo\\OneDrive - University of Witwatersrand\\Documents\\YOS 03\\SOFTWARE DESIGN\\Projects\\Project 1\\sports\\FacilityManagement\\public\\js\\viewCalendar.js": {"path":"C:\\Users\\janmo\\OneDrive - University of Witwatersrand\\Documents\\YOS 03\\SOFTWARE DESIGN\\Projects\\Project 1\\sports\\FacilityManagement\\public\\js\\viewCalendar.js","statementMap":{"0":{"start":{"line":5,"column":2},"end":{"line":17,"column":5}},"1":{"start":{"line":6,"column":17},"end":{"line":6,"column":27}},"2":{"start":{"line":8,"column":4},"end":{"line":16,"column":6}},"3":{"start":{"line":21,"column":2},"end":{"line":30,"column":3}},"4":{"start":{"line":22,"column":24},"end":{"line":22,"column":92}},"5":{"start":{"line":23,"column":21},"end":{"line":23,"column":47}},"6":{"start":{"line":24,"column":19},"end":{"line":24,"column":49}},"7":{"start":{"line":25,"column":4},"end":{"line":25,"column":28}},"8":{"start":{"line":28,"column":4},"end":{"line":28,"column":59}},"9":{"start":{"line":29,"column":4},"end":{"line":29,"column":27}},"10":{"start":{"line":35,"column":0},"end":{"line":56,"column":2}},"11":{"start":{"line":36,"column":23},"end":{"line":36,"column":58}},"12":{"start":{"line":38,"column":21},"end":{"line":53,"column":6}},"13":{"start":{"line":55,"column":4},"end":{"line":55,"column":21}}},"fnMap":{"0":{"name":"mapDocsToEvents","decl":{"start":{"line":4,"column":9},"end":{"line":4,"column":24}},"loc":{"start":{"line":4,"column":30},"end":{"line":18,"column":1}},"line":4},"1":{"name":"(anonymous_1)","decl":{"start":{"line":5,"column":18},"end":{"line":5,"column":19}},"loc":{"start":{"line":5,"column":25},"end":{"line":17,"column":3}},"line":5},"2":{"name":"fetchEvents","decl":{"start":{"line":20,"column":15},"end":{"line":20,"column":26}},"loc":{"start":{"line":20,"column":71},"end":{"line":31,"column":1}},"line":20},"3":{"name":"(anonymous_3)","decl":{"start":{"line":35,"column":46},"end":{"line":35,"column":47}},"loc":{"start":{"line":35,"column":57},"end":{"line":56,"column":1}},"line":35}},"branchMap":{},"s":{"0":0,"1":0,"2":0,"3":0,"4":0,"5":0,"6":0,"7":0,"8":0,"9":0,"10":0,"11":0,"12":0,"13":0},"f":{"0":0,"1":0,"2":0,"3":0},"b":{}}
,"C:\\Users\\janmo\\OneDrive - University of Witwatersrand\\Documents\\YOS 03\\SOFTWARE DESIGN\\Projects\\Project 1\\sports\\FacilityManagement\\public\\js\\viewMyIssues.js": {"path":"C:\\Users\\janmo\\OneDrive - University of Witwatersrand\\Documents\\YOS 03\\SOFTWARE DESIGN\\Projects\\Project 1\\sports\\FacilityManagement\\public\\js\\viewMyIssues.js","statementMap":{"0":{"start":{"line":6,"column":18},"end":{"line":6,"column":56}},"1":{"start":{"line":7,"column":24},"end":{"line":7,"column":67}},"2":{"start":{"line":8,"column":21},"end":{"line":8,"column":56}},"3":{"start":{"line":9,"column":21},"end":{"line":9,"column":60}},"4":{"start":{"line":11,"column":0},"end":{"line":19,"column":3}},"5":{"start":{"line":12,"column":2},"end":{"line":18,"column":3}},"6":{"start":{"line":13,"column":4},"end":{"line":13,"column":50}},"7":{"start":{"line":14,"column":4},"end":{"line":14,"column":27}},"8":{"start":{"line":16,"column":4},"end":{"line":16,"column":37}},"9":{"start":{"line":17,"column":4},"end":{"line":17,"column":54}},"10":{"start":{"line":22,"column":2},"end":{"line":59,"column":3}},"11":{"start":{"line":23,"column":18},"end":{"line":23,"column":41}},"12":{"start":{"line":25,"column":16},"end":{"line":29,"column":6}},"13":{"start":{"line":30,"column":17},"end":{"line":30,"column":33}},"14":{"start":{"line":31,"column":19},"end":{"line":31,"column":30}},"15":{"start":{"line":34,"column":4},"end":{"line":34,"column":24}},"16":{"start":{"line":35,"column":4},"end":{"line":55,"column":7}},"17":{"start":{"line":36,"column":18},"end":{"line":36,"column":46}},"18":{"start":{"line":38,"column":22},"end":{"line":38,"column":54}},"19":{"start":{"line":39,"column":6},"end":{"line":39,"column":35}},"20":{"start":{"line":40,"column":6},"end":{"line":40,"column":30}},"21":{"start":{"line":41,"column":6},"end":{"line":41,"column":38}},"22":{"start":{"line":42,"column":6},"end":{"line":46,"column":9}},"23":{"start":{"line":43,"column":8},"end":{"line":43,"column":77}},"24":{"start":{"line":44,"column":8},"end":{"line":44,"column":72}},"25":{"start":{"line":45,"column":8},"end":{"line":45,"column":33}},"26":{"start":{"line":48,"column":6},"end":{"line":51,"column":34}},"27":{"start":{"line":52,"column":6},"end":{"line":52,"column":43}},"28":{"start":{"line":54,"column":6},"end":{"line":54,"column":33}},"29":{"start":{"line":57,"column":4},"end":{"line":57,"column":38}},"30":{"start":{"line":58,"column":4},"end":{"line":58,"column":48}},"31":{"start":{"line":62,"column":0},"end":{"line":66,"column":3}},"32":{"start":{"line":63,"column":2},"end":{"line":65,"column":3}},"33":{"start":{"line":64,"column":4},"end":{"line":64,"column":28}},"34":{"start":{"line":68,"column":0},"end":{"line":70,"column":3}},"35":{"start":{"line":69,"column":2},"end":{"line":69,"column":26}}},"fnMap":{"0":{"name":"(anonymous_0)","decl":{"start":{"line":11,"column":25},"end":{"line":11,"column":26}},"loc":{"start":{"line":11,"column":41},"end":{"line":19,"column":1}},"line":11},"1":{"name":"loadIssues","decl":{"start":{"line":21,"column":15},"end":{"line":21,"column":25}},"loc":{"start":{"line":21,"column":32},"end":{"line":60,"column":1}},"line":21},"2":{"name":"(anonymous_2)","decl":{"start":{"line":35,"column":19},"end":{"line":35,"column":20}},"loc":{"start":{"line":35,"column":28},"end":{"line":55,"column":5}},"line":35},"3":{"name":"(anonymous_3)","decl":{"start":{"line":42,"column":40},"end":{"line":42,"column":41}},"loc":{"start":{"line":42,"column":46},"end":{"line":46,"column":7}},"line":42},"4":{"name":"(anonymous_4)","decl":{"start":{"line":62,"column":36},"end":{"line":62,"column":37}},"loc":{"start":{"line":62,"column":43},"end":{"line":66,"column":1}},"line":62},"5":{"name":"(anonymous_5)","decl":{"start":{"line":68,"column":39},"end":{"line":68,"column":40}},"loc":{"start":{"line":68,"column":45},"end":{"line":70,"column":1}},"line":68}},"branchMap":{"0":{"loc":{"start":{"line":12,"column":2},"end":{"line":18,"column":3}},"type":"if","locations":[{"start":{"line":12,"column":2},"end":{"line":18,"column":3}},{"start":{"line":15,"column":9},"end":{"line":18,"column":3}}],"line":12},"1":{"loc":{"start":{"line":43,"column":38},"end":{"line":43,"column":76}},"type":"binary-expr","locations":[{"start":{"line":43,"column":38},"end":{"line":43,"column":55}},{"start":{"line":43,"column":59},"end":{"line":43,"column":76}}],"line":43},"2":{"loc":{"start":{"line":44,"column":35},"end":{"line":44,"column":71}},"type":"binary-expr","locations":[{"start":{"line":44,"column":35},"end":{"line":44,"column":49}},{"start":{"line":44,"column":53},"end":{"line":44,"column":71}}],"line":44},"3":{"loc":{"start":{"line":63,"column":2},"end":{"line":65,"column":3}},"type":"if","locations":[{"start":{"line":63,"column":2},"end":{"line":65,"column":3}},{"start":{},"end":{}}],"line":63}},"s":{"0":0,"1":0,"2":0,"3":0,"4":0,"5":0,"6":0,"7":0,"8":0,"9":0,"10":0,"11":0,"12":0,"13":0,"14":0,"15":0,"16":0,"17":0,"18":0,"19":0,"20":0,"21":0,"22":0,"23":0,"24":0,"25":0,"26":0,"27":0,"28":0,"29":0,"30":0,"31":0,"32":0,"33":0,"34":0,"35":0},"f":{"0":0,"1":0,"2":0,"3":0,"4":0,"5":0},"b":{"0":[0,0],"1":[0,0],"2":[0,0],"3":[0,0]}}
,"C:\\Users\\janmo\\OneDrive - University of Witwatersrand\\Documents\\YOS 03\\SOFTWARE DESIGN\\Projects\\Project 1\\sports\\FacilityManagement\\public\\js\\viewnotifications.js": {"path":"C:\\Users\\janmo\\OneDrive - University of Witwatersrand\\Documents\\YOS 03\\SOFTWARE DESIGN\\Projects\\Project 1\\sports\\FacilityManagement\\public\\js\\viewnotifications.js","statementMap":{"0":{"start":{"line":7,"column":0},"end":{"line":144,"column":2}},"1":{"start":{"line":12,"column":18},"end":{"line":12,"column":68}},"2":{"start":{"line":13,"column":0},"end":{"line":16,"column":1}},"3":{"start":{"line":14,"column":2},"end":{"line":14,"column":79}},"4":{"start":{"line":17,"column":0},"end":{"line":17,"column":44}},"5":{"start":{"line":19,"column":20},"end":{"line":19,"column":55}},"6":{"start":{"line":20,"column":15},"end":{"line":20,"column":46}},"7":{"start":{"line":21,"column":18},"end":{"line":21,"column":54}},"8":{"start":{"line":22,"column":19},"end":{"line":22,"column":54}},"9":{"start":{"line":23,"column":16},"end":{"line":23,"column":48}},"10":{"start":{"line":24,"column":14},"end":{"line":24,"column":44}},"11":{"start":{"line":26,"column":14},"end":{"line":26,"column":15}},"12":{"start":{"line":27,"column":16},"end":{"line":27,"column":50}},"13":{"start":{"line":29,"column":21},"end":{"line":29,"column":60}},"14":{"start":{"line":31,"column":0},"end":{"line":40,"column":3}},"15":{"start":{"line":32,"column":2},"end":{"line":39,"column":3}},"16":{"start":{"line":34,"column":4},"end":{"line":34,"column":34}},"17":{"start":{"line":35,"column":4},"end":{"line":35,"column":26}},"18":{"start":{"line":37,"column":4},"end":{"line":37,"column":37}},"19":{"start":{"line":38,"column":4},"end":{"line":38,"column":54}},"20":{"start":{"line":43,"column":2},"end":{"line":106,"column":3}},"21":{"start":{"line":44,"column":18},"end":{"line":44,"column":41}},"22":{"start":{"line":45,"column":4},"end":{"line":48,"column":5}},"23":{"start":{"line":46,"column":6},"end":{"line":46,"column":60}},"24":{"start":{"line":47,"column":6},"end":{"line":47,"column":13}},"25":{"start":{"line":50,"column":16},"end":{"line":54,"column":6}},"26":{"start":{"line":55,"column":17},"end":{"line":55,"column":33}},"27":{"start":{"line":56,"column":19},"end":{"line":56,"column":30}},"28":{"start":{"line":60,"column":4},"end":{"line":102,"column":7}},"29":{"start":{"line":61,"column":18},"end":{"line":61,"column":46}},"30":{"start":{"line":63,"column":6},"end":{"line":89,"column":9}},"31":{"start":{"line":64,"column":24},"end":{"line":73,"column":10}},"32":{"start":{"line":74,"column":19},"end":{"line":74,"column":39}},"33":{"start":{"line":75,"column":8},"end":{"line":75,"column":33}},"34":{"start":{"line":77,"column":8},"end":{"line":77,"column":107}},"35":{"start":{"line":77,"column":72},"end":{"line":77,"column":105}},"36":{"start":{"line":78,"column":8},"end":{"line":78,"column":41}},"37":{"start":{"line":79,"column":8},"end":{"line":81,"column":11}},"38":{"start":{"line":80,"column":10},"end":{"line":80,"column":37}},"39":{"start":{"line":83,"column":8},"end":{"line":83,"column":55}},"40":{"start":{"line":84,"column":8},"end":{"line":84,"column":67}},"41":{"start":{"line":85,"column":8},"end":{"line":85,"column":63}},"42":{"start":{"line":86,"column":8},"end":{"line":86,"column":57}},"43":{"start":{"line":87,"column":8},"end":{"line":87,"column":74}},"44":{"start":{"line":88,"column":8},"end":{"line":88,"column":33}},"45":{"start":{"line":91,"column":6},"end":{"line":91,"column":110}},"46":{"start":{"line":92,"column":6},"end":{"line":94,"column":7}},"47":{"start":{"line":93,"column":8},"end":{"line":93,"column":35}},"48":{"start":{"line":96,"column":6},"end":{"line":100,"column":7}},"49":{"start":{"line":98,"column":8},"end":{"line":98,"column":41}},"50":{"start":{"line":99,"column":8},"end":{"line":99,"column":83}},"51":{"start":{"line":99,"column":52},"end":{"line":99,"column":79}},"52":{"start":{"line":104,"column":4},"end":{"line":104,"column":38}},"53":{"start":{"line":105,"column":4},"end":{"line":105,"column":48}},"54":{"start":{"line":112,"column":18},"end":{"line":112,"column":41}},"55":{"start":{"line":113,"column":16},"end":{"line":117,"column":8}},"56":{"start":{"line":118,"column":19},"end":{"line":118,"column":35}},"57":{"start":{"line":119,"column":6},"end":{"line":119,"column":33}},"58":{"start":{"line":120,"column":6},"end":{"line":120,"column":27}},"59":{"start":{"line":122,"column":6},"end":{"line":127,"column":7}},"60":{"start":{"line":123,"column":8},"end":{"line":123,"column":38}},"61":{"start":{"line":124,"column":8},"end":{"line":124,"column":74}},"62":{"start":{"line":126,"column":8},"end":{"line":126,"column":62}},"63":{"start":{"line":129,"column":6},"end":{"line":129,"column":63}},"64":{"start":{"line":133,"column":0},"end":{"line":137,"column":3}},"65":{"start":{"line":134,"column":2},"end":{"line":136,"column":3}},"66":{"start":{"line":135,"column":4},"end":{"line":135,"column":28}},"67":{"start":{"line":139,"column":0},"end":{"line":141,"column":3}},"68":{"start":{"line":140,"column":2},"end":{"line":140,"column":26}}},"fnMap":{"0":{"name":"(anonymous_0)","decl":{"start":{"line":7,"column":46},"end":{"line":7,"column":47}},"loc":{"start":{"line":7,"column":52},"end":{"line":144,"column":1}},"line":7},"1":{"name":"(anonymous_1)","decl":{"start":{"line":31,"column":25},"end":{"line":31,"column":26}},"loc":{"start":{"line":31,"column":41},"end":{"line":40,"column":1}},"line":31},"2":{"name":"loadnotifications","decl":{"start":{"line":42,"column":15},"end":{"line":42,"column":32}},"loc":{"start":{"line":42,"column":39},"end":{"line":107,"column":1}},"line":42},"3":{"name":"(anonymous_3)","decl":{"start":{"line":60,"column":19},"end":{"line":60,"column":20}},"loc":{"start":{"line":60,"column":36},"end":{"line":102,"column":5}},"line":60},"4":{"name":"(anonymous_4)","decl":{"start":{"line":63,"column":35},"end":{"line":63,"column":36}},"loc":{"start":{"line":63,"column":47},"end":{"line":89,"column":7}},"line":63},"5":{"name":"(anonymous_5)","decl":{"start":{"line":77,"column":67},"end":{"line":77,"column":68}},"loc":{"start":{"line":77,"column":72},"end":{"line":77,"column":105}},"line":77},"6":{"name":"(anonymous_6)","decl":{"start":{"line":79,"column":43},"end":{"line":79,"column":44}},"loc":{"start":{"line":79,"column":51},"end":{"line":81,"column":9}},"line":79},"7":{"name":"(anonymous_7)","decl":{"start":{"line":99,"column":43},"end":{"line":99,"column":44}},"loc":{"start":{"line":99,"column":51},"end":{"line":99,"column":80}},"line":99},"8":{"name":"countread","decl":{"start":{"line":111,"column":15},"end":{"line":111,"column":24}},"loc":{"start":{"line":111,"column":30},"end":{"line":131,"column":1}},"line":111},"9":{"name":"(anonymous_9)","decl":{"start":{"line":133,"column":36},"end":{"line":133,"column":37}},"loc":{"start":{"line":133,"column":43},"end":{"line":137,"column":1}},"line":133},"10":{"name":"(anonymous_10)","decl":{"start":{"line":139,"column":39},"end":{"line":139,"column":40}},"loc":{"start":{"line":139,"column":45},"end":{"line":141,"column":1}},"line":139}},"branchMap":{"0":{"loc":{"start":{"line":13,"column":0},"end":{"line":16,"column":1}},"type":"if","locations":[{"start":{"line":13,"column":0},"end":{"line":16,"column":1}},{"start":{},"end":{}}],"line":13},"1":{"loc":{"start":{"line":32,"column":2},"end":{"line":39,"column":3}},"type":"if","locations":[{"start":{"line":32,"column":2},"end":{"line":39,"column":3}},{"start":{"line":36,"column":9},"end":{"line":39,"column":3}}],"line":32},"2":{"loc":{"start":{"line":45,"column":4},"end":{"line":48,"column":5}},"type":"if","locations":[{"start":{"line":45,"column":4},"end":{"line":48,"column":5}},{"start":{},"end":{}}],"line":45},"3":{"loc":{"start":{"line":83,"column":31},"end":{"line":83,"column":54}},"type":"binary-expr","locations":[{"start":{"line":83,"column":31},"end":{"line":83,"column":41}},{"start":{"line":83,"column":45},"end":{"line":83,"column":54}}],"line":83},"4":{"loc":{"start":{"line":84,"column":35},"end":{"line":84,"column":66}},"type":"binary-expr","locations":[{"start":{"line":84,"column":35},"end":{"line":84,"column":49}},{"start":{"line":84,"column":53},"end":{"line":84,"column":66}}],"line":84},"5":{"loc":{"start":{"line":85,"column":32},"end":{"line":85,"column":62}},"type":"binary-expr","locations":[{"start":{"line":85,"column":32},"end":{"line":85,"column":43}},{"start":{"line":85,"column":47},"end":{"line":85,"column":62}}],"line":85},"6":{"loc":{"start":{"line":86,"column":30},"end":{"line":86,"column":56}},"type":"binary-expr","locations":[{"start":{"line":86,"column":30},"end":{"line":86,"column":39}},{"start":{"line":86,"column":43},"end":{"line":86,"column":56}}],"line":86},"7":{"loc":{"start":{"line":87,"column":35},"end":{"line":87,"column":73}},"type":"binary-expr","locations":[{"start":{"line":87,"column":35},"end":{"line":87,"column":52}},{"start":{"line":87,"column":56},"end":{"line":87,"column":73}}],"line":87},"8":{"loc":{"start":{"line":91,"column":42},"end":{"line":91,"column":71}},"type":"cond-expr","locations":[{"start":{"line":91,"column":56},"end":{"line":91,"column":62}},{"start":{"line":91,"column":65},"end":{"line":91,"column":71}}],"line":91},"9":{"loc":{"start":{"line":91,"column":77},"end":{"line":91,"column":102}},"type":"binary-expr","locations":[{"start":{"line":91,"column":77},"end":{"line":91,"column":88}},{"start":{"line":91,"column":92},"end":{"line":91,"column":102}}],"line":91},"10":{"loc":{"start":{"line":92,"column":6},"end":{"line":94,"column":7}},"type":"if","locations":[{"start":{"line":92,"column":6},"end":{"line":94,"column":7}},{"start":{},"end":{}}],"line":92},"11":{"loc":{"start":{"line":96,"column":6},"end":{"line":100,"column":7}},"type":"if","locations":[{"start":{"line":96,"column":6},"end":{"line":100,"column":7}},{"start":{},"end":{}}],"line":96},"12":{"loc":{"start":{"line":122,"column":6},"end":{"line":127,"column":7}},"type":"if","locations":[{"start":{"line":122,"column":6},"end":{"line":127,"column":7}},{"start":{"line":125,"column":13},"end":{"line":127,"column":7}}],"line":122},"13":{"loc":{"start":{"line":124,"column":35},"end":{"line":124,"column":73}},"type":"cond-expr","locations":[{"start":{"line":124,"column":53},"end":{"line":124,"column":61}},{"start":{"line":124,"column":64},"end":{"line":124,"column":73}}],"line":124},"14":{"loc":{"start":{"line":134,"column":2},"end":{"line":136,"column":3}},"type":"if","locations":[{"start":{"line":134,"column":2},"end":{"line":136,"column":3}},{"start":{},"end":{}}],"line":134}},"s":{"0":0,"1":0,"2":0,"3":0,"4":0,"5":0,"6":0,"7":0,"8":0,"9":0,"10":0,"11":0,"12":0,"13":0,"14":0,"15":0,"16":0,"17":0,"18":0,"19":0,"20":0,"21":0,"22":0,"23":0,"24":0,"25":0,"26":0,"27":0,"28":0,"29":0,"30":0,"31":0,"32":0,"33":0,"34":0,"35":0,"36":0,"37":0,"38":0,"39":0,"40":0,"41":0,"42":0,"43":0,"44":0,"45":0,"46":0,"47":0,"48":0,"49":0,"50":0,"51":0,"52":0,"53":0,"54":0,"55":0,"56":0,"57":0,"58":0,"59":0,"60":0,"61":0,"62":0,"63":0,"64":0,"65":0,"66":0,"67":0,"68":0},"f":{"0":0,"1":0,"2":0,"3":0,"4":0,"5":0,"6":0,"7":0,"8":0,"9":0,"10":0},"b":{"0":[0,0],"1":[0,0],"2":[0,0],"3":[0,0],"4":[0,0],"5":[0,0],"6":[0,0],"7":[0,0],"8":[0,0],"9":[0,0],"10":[0,0],"11":[0,0],"12":[0,0],"13":[0,0],"14":[0,0]}}
}
