TN:
SF:public\js\admin.js
FN:9,(anonymous_0)
FN:29,(anonymous_1)
FNF:2
FNH:0
FNDA:0,(anonymous_0)
FNDA:0,(anonymous_1)
DA:7,0
DA:9,0
DA:11,0
DA:24,0
DA:29,0
DA:30,0
LF:6
LH:0
BRF:0
BRH:0
end_of_record
TN:
SF:public\js\authHandler.js
FN:3,loginWithEmail
FNF:1
FNH:1
FNDA:2,loginWithEmail
DA:1,1
DA:5,2
DA:6,2
DA:9,2
DA:10,2
DA:12,2
DA:14,1
DA:17,1
LF:8
LH:8
BRDA:12,0,0,1
BRDA:12,0,1,1
BRDA:12,1,0,1
BRDA:12,1,1,0
BRF:4
BRH:3
end_of_record
TN:
SF:public\js\firebase.js
FNF:0
FNH:0
DA:9,0
DA:18,0
DA:19,0
DA:20,0
LF:4
LH:0
BRF:0
BRH:0
end_of_record
TN:
SF:public\js\list_users.js
FN:25,loadUsers
FN:32,(anonymous_1)
FN:63,attachListeners
FN:64,(anonymous_3)
FN:70,(anonymous_4)
FN:81,talkToit
FN:112,(anonymous_6)
FN:128,deleteIT
FNF:8
FNH:0
FNDA:0,loadUsers
FNDA:0,(anonymous_1)
FNDA:0,attachListeners
FNDA:0,(anonymous_3)
FNDA:0,(anonymous_4)
FNDA:0,talkToit
FNDA:0,(anonymous_6)
FNDA:0,deleteIT
DA:4,0
DA:13,0
DA:17,0
DA:20,0
DA:21,0
DA:26,0
DA:27,0
DA:28,0
DA:29,0
DA:30,0
DA:32,0
DA:34,0
DA:35,0
DA:37,0
DA:55,0
DA:60,0
DA:64,0
DA:65,0
DA:70,0
DA:72,0
DA:76,0
DA:83,0
DA:84,0
DA:85,0
DA:88,0
DA:89,0
DA:93,0
DA:94,0
DA:96,0
DA:98,0
DA:99,0
DA:108,0
DA:109,0
DA:110,0
DA:112,0
DA:113,0
DA:114,0
DA:116,0
DA:119,0
DA:122,0
DA:129,0
DA:131,0
DA:132,0
DA:134,0
DA:136,0
DA:138,0
DA:141,0
DA:142,0
DA:146,0
DA:147,0
DA:150,0
DA:154,0
LF:52
LH:0
BRDA:20,0,0,0
BRDA:20,0,1,0
BRDA:34,1,0,0
BRDA:34,1,1,0
BRDA:34,2,0,0
BRDA:34,2,1,0
BRDA:38,3,0,0
BRDA:38,3,1,0
BRDA:39,4,0,0
BRDA:39,4,1,0
BRDA:88,5,0,0
BRDA:88,5,1,0
BRDA:93,6,0,0
BRDA:93,6,1,0
BRDA:109,7,0,0
BRDA:109,7,1,0
BRDA:113,8,0,0
BRDA:113,8,1,0
BRDA:119,9,0,0
BRDA:119,9,1,0
BRDA:131,10,0,0
BRDA:131,10,1,0
BRDA:142,11,0,0
BRDA:142,11,1,0
BRF:24
BRH:0
end_of_record
TN:
SF:public\js\login.js
FN:12,(anonymous_0)
FN:43,(anonymous_1)
FN:69,(anonymous_2)
FN:96,(anonymous_3)
FN:120,(anonymous_4)
FNF:5
FNH:0
FNDA:0,(anonymous_0)
FNDA:0,(anonymous_1)
FNDA:0,(anonymous_2)
FNDA:0,(anonymous_3)
FNDA:0,(anonymous_4)
DA:6,0
DA:7,0
DA:8,0
DA:9,0
DA:10,0
DA:12,0
DA:13,0
DA:15,0
DA:16,0
DA:18,0
DA:19,0
DA:20,0
DA:21,0
DA:23,0
DA:39,0
DA:41,0
DA:42,0
DA:43,0
DA:44,0
DA:45,0
DA:46,0
DA:48,0
DA:49,0
DA:51,0
DA:52,0
DA:56,0
DA:57,0
DA:60,0
DA:69,0
DA:70,0
DA:71,0
DA:72,0
DA:73,0
DA:84,0
DA:92,0
DA:94,0
DA:95,0
DA:96,0
DA:97,0
DA:98,0
DA:99,0
DA:101,0
DA:102,0
DA:104,0
DA:105,0
DA:110,0
DA:111,0
DA:112,0
DA:115,0
DA:116,0
DA:120,0
DA:121,0
LF:52
LH:0
BRDA:41,0,0,0
BRDA:41,0,1,0
BRDA:45,1,0,0
BRDA:45,1,1,0
BRDA:48,2,0,0
BRDA:48,2,1,0
BRDA:51,3,0,0
BRDA:51,3,1,0
BRDA:94,4,0,0
BRDA:94,4,1,0
BRDA:98,5,0,0
BRDA:98,5,1,0
BRDA:101,6,0,0
BRDA:101,6,1,0
BRDA:104,7,0,0
BRDA:104,7,1,0
BRF:16
BRH:0
end_of_record
TN:
SF:public\js\register.js
FN:20,(anonymous_0)
FN:52,(anonymous_1)
FNF:2
FNH:0
FNDA:0,(anonymous_0)
FNDA:0,(anonymous_1)
DA:20,0
DA:21,0
DA:22,0
DA:23,0
DA:24,0
DA:25,0
DA:30,0
DA:43,0
DA:44,0
DA:47,0
DA:52,0
DA:53,0
DA:55,0
DA:56,0
DA:57,0
DA:58,0
DA:59,0
DA:60,0
DA:61,0
DA:64,0
DA:77,0
DA:78,0
DA:81,0
DA:86,0
DA:89,0
LF:25
LH:0
BRDA:38,0,0,0
BRDA:38,0,1,0
BRF:2
BRH:0
end_of_record
TN:
SF:public\js\resident.js
FN:3,(anonymous_0)
FNF:1
FNH:0
FNDA:0,(anonymous_0)
DA:1,0
DA:3,0
DA:5,0
DA:10,0
LF:4
LH:0
BRF:0
BRH:0
end_of_record
TN:
SF:public\js\resident_home.js
FN:1,(anonymous_0)
FNF:1
FNH:0
FNDA:0,(anonymous_0)
DA:1,0
DA:2,0
LF:2
LH:0
BRF:0
BRH:0
end_of_record
TN:
SF:public\js\resident_report_issue.js
FN:4,(anonymous_0)
FN:14,(anonymous_1)
FN:19,(anonymous_2)
FN:24,(anonymous_3)
FN:28,(anonymous_4)
FN:74,loadIssues
FN:88,(anonymous_6)
FNF:7
FNH:0
FNDA:0,(anonymous_0)
FNDA:0,(anonymous_1)
FNDA:0,(anonymous_2)
FNDA:0,(anonymous_3)
FNDA:0,(anonymous_4)
FNDA:0,loadIssues
FNDA:0,(anonymous_6)
DA:4,0
DA:8,0
DA:9,0
DA:10,0
DA:11,0
DA:14,0
DA:15,0
DA:19,0
DA:20,0
DA:24,0
DA:25,0
DA:26,0
DA:28,0
DA:29,0
DA:31,0
DA:32,0
DA:34,0
DA:35,0
DA:36,0
DA:39,0
DA:40,0
DA:42,0
DA:51,0
DA:52,0
DA:53,0
DA:54,0
DA:55,0
DA:56,0
DA:58,0
DA:61,0
DA:62,0
DA:67,0
DA:68,0
DA:75,0
DA:76,0
DA:78,0
DA:83,0
DA:84,0
DA:86,0
DA:87,0
DA:88,0
DA:89,0
DA:90,0
DA:94,0
DA:97,0
DA:98,0
DA:103,0
LF:47
LH:0
BRDA:25,0,0,0
BRDA:25,0,1,0
BRDA:35,1,0,0
BRDA:35,1,1,0
BRDA:53,2,0,0
BRDA:53,2,1,0
BRF:6
BRH:0
end_of_record
TN:
SF:public\js\resident_submiting.js
FN:2,(anonymous_0)
FNF:1
FNH:0
FNDA:0,(anonymous_0)
DA:1,0
DA:2,0
DA:3,0
DA:5,0
DA:6,0
DA:7,0
DA:9,0
DA:10,0
DA:11,0
DA:14,0
DA:15,0
DA:23,0
DA:24,0
DA:25,0
DA:27,0
DA:28,0
LF:16
LH:0
BRDA:9,0,0,0
BRDA:9,0,1,0
BRDA:9,1,0,0
BRDA:9,1,1,0
BRDA:9,1,2,0
BRF:5
BRH:0
end_of_record
TN:
SF:public\js\staff.js
FN:1,(anonymous_0)
FNF:1
FNH:1
FNDA:1,(anonymous_0)
DA:1,1
DA:2,1
LF:2
LH:2
BRF:0
BRH:0
end_of_record
TN:
SF:public\js\staff_admin_issues.js
FN:48,loadIssues
FN:72,(anonymous_1)
FN:78,handleView
FN:96,(anonymous_3)
FN:111,(anonymous_4)
FNF:5
FNH:0
FNDA:0,loadIssues
FNDA:0,(anonymous_1)
FNDA:0,handleView
FNDA:0,(anonymous_3)
FNDA:0,(anonymous_4)
DA:1,0
DA:16,0
DA:25,0
DA:26,0
DA:29,0
DA:30,0
DA:31,0
DA:32,0
DA:33,0
DA:34,0
DA:35,0
DA:45,0
DA:49,0
DA:50,0
DA:52,0
DA:53,0
DA:54,0
DA:55,0
DA:58,0
DA:59,0
DA:62,0
DA:63,0
DA:68,0
DA:72,0
DA:73,0
DA:79,0
DA:80,0
DA:81,0
DA:83,0
DA:85,0
DA:87,0
DA:88,0
DA:89,0
DA:90,0
DA:92,0
DA:96,0
DA:97,0
DA:98,0
DA:100,0
DA:105,0
DA:106,0
DA:107,0
DA:111,0
DA:112,0
DA:113,0
DA:116,0
LF:46
LH:0
BRDA:59,0,0,0
BRDA:59,0,1,0
BRDA:83,1,0,0
BRDA:83,1,1,0
BRDA:88,2,0,0
BRDA:88,2,1,0
BRDA:89,3,0,0
BRDA:89,3,1,0
BRDA:90,4,0,0
BRDA:90,4,1,0
BRDA:98,5,0,0
BRDA:98,5,1,0
BRF:12
BRH:0
end_of_record
TN:
SF:public\js\viewMyIssues.js
FN:8,(anonymous_0)
FN:18,loadIssues
FN:32,(anonymous_2)
FNF:3
FNH:0
FNDA:0,(anonymous_0)
FNDA:0,loadIssues
FNDA:0,(anonymous_2)
DA:6,0
DA:8,0
DA:9,0
DA:10,0
DA:11,0
DA:13,0
DA:14,0
DA:19,0
DA:20,0
DA:22,0
DA:27,0
DA:28,0
DA:30,0
DA:31,0
DA:32,0
DA:33,0
DA:34,0
DA:38,0
DA:41,0
DA:42,0
DA:47,0
LF:21
LH:0
BRDA:9,0,0,0
BRDA:9,0,1,0
BRF:2
BRH:0
end_of_record
